2025-10-29 18:41:53 | ERROR    | app.services.starburst:execute_query:73 - Query execution failed: TrinoUserError(type=USER_ERROR, name=TYPE_MISMATCH, message="line 2:851: Cannot cast timestamp(3) to double", query_id=20251029_131153_65769_qwywg)
2025-10-29 18:41:54 | ERROR    | app.services.starburst:get_column_statistics:273 - Failed to get column statistics for address_range_changes_apac_231e0_with_231c0: TrinoUserError(type=USER_ERROR, name=TYPE_MISMATCH, message="line 2:851: Cannot cast timestamp(3) to double", query_id=20251029_131153_65769_qwywg)
2025-10-29 18:41:54 | ERROR    | app.services.metadata_generator:generate_metadata_for_table:183 - ❌ Failed to generate metadata for address_range_changes_apac_231e0_with_231c0: TrinoUserError(type=USER_ERROR, name=TYPE_MISMATCH, message="line 2:851: Cannot cast timestamp(3) to double", query_id=20251029_131153_65769_qwywg)
2025-10-29 18:41:54 | ERROR    | __main__:main:70 - ❌ Failed to generate metadata for address_range_changes_apac_231e0_with_231c0
2025-10-29 18:43:39 | ERROR    | app.services.starburst:execute_query:73 - Query execution failed: TrinoUserError(type=USER_ERROR, name=TYPE_MISMATCH, message="line 2:851: Cannot cast timestamp(3) to double", query_id=20251029_131337_65799_qwywg)
2025-10-29 18:43:40 | ERROR    | app.services.starburst:get_column_statistics:273 - Failed to get column statistics for address_range_changes_apac_231e0_with_231c0: TrinoUserError(type=USER_ERROR, name=TYPE_MISMATCH, message="line 2:851: Cannot cast timestamp(3) to double", query_id=20251029_131337_65799_qwywg)
2025-10-29 18:43:40 | ERROR    | app.services.metadata_generator:generate_metadata_for_table:183 - ❌ Failed to generate metadata for address_range_changes_apac_231e0_with_231c0: TrinoUserError(type=USER_ERROR, name=TYPE_MISMATCH, message="line 2:851: Cannot cast timestamp(3) to double", query_id=20251029_131337_65799_qwywg)
2025-10-29 18:43:40 | ERROR    | __main__:main:70 - ❌ Failed to generate metadata for address_range_changes_apac_231e0_with_231c0
2025-10-29 18:52:44 | ERROR    | app.services.alias_generator:load_models:81 - Failed to load HuggingFace models: 
T5Tokenizer requires the SentencePiece library but it was not found in your environment. Check out the instructions on the
installation page of its repo: https://github.com/google/sentencepiece#installation and follow the ones
that match your environment. Please note that you may need to restart your runtime after installation.

2025-10-29 18:52:44 | ERROR    | app.services.alias_generator:load_models:81 - Failed to load HuggingFace models: 
T5Tokenizer requires the SentencePiece library but it was not found in your environment. Check out the instructions on the
installation page of its repo: https://github.com/google/sentencepiece#installation and follow the ones
that match your environment. Please note that you may need to restart your runtime after installation.

2025-10-29 18:52:44 | ERROR    | app.services.dynamodb:save_column_metadata:256 - Failed to save column metadata for address_range_changes_apac_231e0_with_231c0.region: Float types are not supported. Use Decimal types instead.
2025-10-29 18:52:46 | ERROR    | app.services.alias_generator:load_models:81 - Failed to load HuggingFace models: 
T5Tokenizer requires the SentencePiece library but it was not found in your environment. Check out the instructions on the
installation page of its repo: https://github.com/google/sentencepiece#installation and follow the ones
that match your environment. Please note that you may need to restart your runtime after installation.

2025-10-29 18:52:46 | ERROR    | app.services.alias_generator:load_models:81 - Failed to load HuggingFace models: 
T5Tokenizer requires the SentencePiece library but it was not found in your environment. Check out the instructions on the
installation page of its repo: https://github.com/google/sentencepiece#installation and follow the ones
that match your environment. Please note that you may need to restart your runtime after installation.

2025-10-29 18:52:46 | ERROR    | app.services.dynamodb:save_column_metadata:256 - Failed to save column metadata for address_range_changes_apac_231e0_with_231c0.road_link_id: Float types are not supported. Use Decimal types instead.
2025-10-29 18:52:48 | ERROR    | app.services.alias_generator:load_models:81 - Failed to load HuggingFace models: 
T5Tokenizer requires the SentencePiece library but it was not found in your environment. Check out the instructions on the
installation page of its repo: https://github.com/google/sentencepiece#installation and follow the ones
that match your environment. Please note that you may need to restart your runtime after installation.

2025-10-29 18:52:48 | ERROR    | app.services.alias_generator:load_models:81 - Failed to load HuggingFace models: 
T5Tokenizer requires the SentencePiece library but it was not found in your environment. Check out the instructions on the
installation page of its repo: https://github.com/google/sentencepiece#installation and follow the ones
that match your environment. Please note that you may need to restart your runtime after installation.

2025-10-29 18:52:48 | ERROR    | app.services.dynamodb:save_column_metadata:256 - Failed to save column metadata for address_range_changes_apac_231e0_with_231c0.change_type: Float types are not supported. Use Decimal types instead.
2025-10-29 18:52:50 | ERROR    | app.services.alias_generator:load_models:81 - Failed to load HuggingFace models: 
T5Tokenizer requires the SentencePiece library but it was not found in your environment. Check out the instructions on the
installation page of its repo: https://github.com/google/sentencepiece#installation and follow the ones
that match your environment. Please note that you may need to restart your runtime after installation.

2025-10-29 18:52:50 | ERROR    | app.services.alias_generator:load_models:81 - Failed to load HuggingFace models: 
T5Tokenizer requires the SentencePiece library but it was not found in your environment. Check out the instructions on the
installation page of its repo: https://github.com/google/sentencepiece#installation and follow the ones
that match your environment. Please note that you may need to restart your runtime after installation.

2025-10-29 18:52:50 | ERROR    | app.services.dynamodb:save_column_metadata:256 - Failed to save column metadata for address_range_changes_apac_231e0_with_231c0.change_date: Float types are not supported. Use Decimal types instead.
2025-10-29 18:52:53 | ERROR    | app.services.alias_generator:load_models:81 - Failed to load HuggingFace models: 
T5Tokenizer requires the SentencePiece library but it was not found in your environment. Check out the instructions on the
installation page of its repo: https://github.com/google/sentencepiece#installation and follow the ones
that match your environment. Please note that you may need to restart your runtime after installation.

2025-10-29 18:52:53 | ERROR    | app.services.alias_generator:load_models:81 - Failed to load HuggingFace models: 
T5Tokenizer requires the SentencePiece library but it was not found in your environment. Check out the instructions on the
installation page of its repo: https://github.com/google/sentencepiece#installation and follow the ones
that match your environment. Please note that you may need to restart your runtime after installation.

2025-10-29 18:52:53 | ERROR    | app.services.dynamodb:save_column_metadata:256 - Failed to save column metadata for address_range_changes_apac_231e0_with_231c0.left_address_range: Float types are not supported. Use Decimal types instead.
2025-10-29 18:52:55 | ERROR    | app.services.alias_generator:load_models:81 - Failed to load HuggingFace models: 
T5Tokenizer requires the SentencePiece library but it was not found in your environment. Check out the instructions on the
installation page of its repo: https://github.com/google/sentencepiece#installation and follow the ones
that match your environment. Please note that you may need to restart your runtime after installation.

2025-10-29 18:52:55 | ERROR    | app.services.alias_generator:load_models:81 - Failed to load HuggingFace models: 
T5Tokenizer requires the SentencePiece library but it was not found in your environment. Check out the instructions on the
installation page of its repo: https://github.com/google/sentencepiece#installation and follow the ones
that match your environment. Please note that you may need to restart your runtime after installation.

2025-10-29 18:52:55 | ERROR    | app.services.dynamodb:save_column_metadata:256 - Failed to save column metadata for address_range_changes_apac_231e0_with_231c0.right_address_range: Float types are not supported. Use Decimal types instead.
2025-10-29 18:52:57 | ERROR    | app.services.alias_generator:load_models:81 - Failed to load HuggingFace models: 
T5Tokenizer requires the SentencePiece library but it was not found in your environment. Check out the instructions on the
installation page of its repo: https://github.com/google/sentencepiece#installation and follow the ones
that match your environment. Please note that you may need to restart your runtime after installation.

2025-10-29 18:52:57 | ERROR    | app.services.alias_generator:load_models:81 - Failed to load HuggingFace models: 
T5Tokenizer requires the SentencePiece library but it was not found in your environment. Check out the instructions on the
installation page of its repo: https://github.com/google/sentencepiece#installation and follow the ones
that match your environment. Please note that you may need to restart your runtime after installation.

2025-10-29 18:52:57 | ERROR    | app.services.dynamodb:save_column_metadata:256 - Failed to save column metadata for address_range_changes_apac_231e0_with_231c0.functional_class: Float types are not supported. Use Decimal types instead.
2025-10-29 18:52:59 | ERROR    | app.services.alias_generator:load_models:81 - Failed to load HuggingFace models: 
T5Tokenizer requires the SentencePiece library but it was not found in your environment. Check out the instructions on the
installation page of its repo: https://github.com/google/sentencepiece#installation and follow the ones
that match your environment. Please note that you may need to restart your runtime after installation.

2025-10-29 18:52:59 | ERROR    | app.services.alias_generator:load_models:81 - Failed to load HuggingFace models: 
T5Tokenizer requires the SentencePiece library but it was not found in your environment. Check out the instructions on the
installation page of its repo: https://github.com/google/sentencepiece#installation and follow the ones
that match your environment. Please note that you may need to restart your runtime after installation.

2025-10-29 18:52:59 | ERROR    | app.services.dynamodb:save_column_metadata:256 - Failed to save column metadata for address_range_changes_apac_231e0_with_231c0.country: Float types are not supported. Use Decimal types instead.
2025-10-29 18:53:01 | ERROR    | app.services.alias_generator:load_models:81 - Failed to load HuggingFace models: 
T5Tokenizer requires the SentencePiece library but it was not found in your environment. Check out the instructions on the
installation page of its repo: https://github.com/google/sentencepiece#installation and follow the ones
that match your environment. Please note that you may need to restart your runtime after installation.

2025-10-29 18:53:01 | ERROR    | app.services.alias_generator:load_models:81 - Failed to load HuggingFace models: 
T5Tokenizer requires the SentencePiece library but it was not found in your environment. Check out the instructions on the
installation page of its repo: https://github.com/google/sentencepiece#installation and follow the ones
that match your environment. Please note that you may need to restart your runtime after installation.

2025-10-29 18:53:01 | ERROR    | app.services.dynamodb:save_column_metadata:256 - Failed to save column metadata for address_range_changes_apac_231e0_with_231c0.admin_level2_name: Float types are not supported. Use Decimal types instead.
2025-10-29 18:53:03 | ERROR    | app.services.alias_generator:load_models:81 - Failed to load HuggingFace models: 
T5Tokenizer requires the SentencePiece library but it was not found in your environment. Check out the instructions on the
installation page of its repo: https://github.com/google/sentencepiece#installation and follow the ones
that match your environment. Please note that you may need to restart your runtime after installation.

2025-10-29 18:53:03 | ERROR    | app.services.alias_generator:load_models:81 - Failed to load HuggingFace models: 
T5Tokenizer requires the SentencePiece library but it was not found in your environment. Check out the instructions on the
installation page of its repo: https://github.com/google/sentencepiece#installation and follow the ones
that match your environment. Please note that you may need to restart your runtime after installation.

2025-10-29 18:53:03 | ERROR    | app.services.dynamodb:save_column_metadata:256 - Failed to save column metadata for address_range_changes_apac_231e0_with_231c0.admin_level3_name: Float types are not supported. Use Decimal types instead.
2025-10-29 18:53:06 | ERROR    | app.services.alias_generator:load_models:81 - Failed to load HuggingFace models: 
T5Tokenizer requires the SentencePiece library but it was not found in your environment. Check out the instructions on the
installation page of its repo: https://github.com/google/sentencepiece#installation and follow the ones
that match your environment. Please note that you may need to restart your runtime after installation.

2025-10-29 18:53:06 | ERROR    | app.services.alias_generator:load_models:81 - Failed to load HuggingFace models: 
T5Tokenizer requires the SentencePiece library but it was not found in your environment. Check out the instructions on the
installation page of its repo: https://github.com/google/sentencepiece#installation and follow the ones
that match your environment. Please note that you may need to restart your runtime after installation.

2025-10-29 18:53:06 | ERROR    | app.services.dynamodb:save_column_metadata:256 - Failed to save column metadata for address_range_changes_apac_231e0_with_231c0.admin_level4_name: Float types are not supported. Use Decimal types instead.
2025-10-29 18:53:08 | ERROR    | app.services.alias_generator:load_models:81 - Failed to load HuggingFace models: 
T5Tokenizer requires the SentencePiece library but it was not found in your environment. Check out the instructions on the
installation page of its repo: https://github.com/google/sentencepiece#installation and follow the ones
that match your environment. Please note that you may need to restart your runtime after installation.

2025-10-29 18:53:08 | ERROR    | app.services.alias_generator:load_models:81 - Failed to load HuggingFace models: 
T5Tokenizer requires the SentencePiece library but it was not found in your environment. Check out the instructions on the
installation page of its repo: https://github.com/google/sentencepiece#installation and follow the ones
that match your environment. Please note that you may need to restart your runtime after installation.

2025-10-29 18:53:08 | ERROR    | app.services.dynamodb:save_column_metadata:256 - Failed to save column metadata for address_range_changes_apac_231e0_with_231c0.admin_l1_pvid: Float types are not supported. Use Decimal types instead.
2025-10-29 18:53:11 | ERROR    | app.services.alias_generator:load_models:81 - Failed to load HuggingFace models: 
T5Tokenizer requires the SentencePiece library but it was not found in your environment. Check out the instructions on the
installation page of its repo: https://github.com/google/sentencepiece#installation and follow the ones
that match your environment. Please note that you may need to restart your runtime after installation.

2025-10-29 18:53:11 | ERROR    | app.services.alias_generator:load_models:81 - Failed to load HuggingFace models: 
T5Tokenizer requires the SentencePiece library but it was not found in your environment. Check out the instructions on the
installation page of its repo: https://github.com/google/sentencepiece#installation and follow the ones
that match your environment. Please note that you may need to restart your runtime after installation.

2025-10-29 18:53:11 | ERROR    | app.services.dynamodb:save_column_metadata:256 - Failed to save column metadata for address_range_changes_apac_231e0_with_231c0.admin_l2_pvid: Float types are not supported. Use Decimal types instead.
2025-10-29 18:53:13 | ERROR    | app.services.alias_generator:load_models:81 - Failed to load HuggingFace models: 
T5Tokenizer requires the SentencePiece library but it was not found in your environment. Check out the instructions on the
installation page of its repo: https://github.com/google/sentencepiece#installation and follow the ones
that match your environment. Please note that you may need to restart your runtime after installation.

2025-10-29 18:53:13 | ERROR    | app.services.alias_generator:load_models:81 - Failed to load HuggingFace models: 
T5Tokenizer requires the SentencePiece library but it was not found in your environment. Check out the instructions on the
installation page of its repo: https://github.com/google/sentencepiece#installation and follow the ones
that match your environment. Please note that you may need to restart your runtime after installation.

2025-10-29 18:53:13 | ERROR    | app.services.dynamodb:save_column_metadata:256 - Failed to save column metadata for address_range_changes_apac_231e0_with_231c0.admin_l3_pvid: Float types are not supported. Use Decimal types instead.
2025-10-29 18:53:15 | ERROR    | app.services.alias_generator:load_models:81 - Failed to load HuggingFace models: 
T5Tokenizer requires the SentencePiece library but it was not found in your environment. Check out the instructions on the
installation page of its repo: https://github.com/google/sentencepiece#installation and follow the ones
that match your environment. Please note that you may need to restart your runtime after installation.

2025-10-29 18:53:15 | ERROR    | app.services.alias_generator:load_models:81 - Failed to load HuggingFace models: 
T5Tokenizer requires the SentencePiece library but it was not found in your environment. Check out the instructions on the
installation page of its repo: https://github.com/google/sentencepiece#installation and follow the ones
that match your environment. Please note that you may need to restart your runtime after installation.

2025-10-29 18:53:15 | ERROR    | app.services.dynamodb:save_column_metadata:256 - Failed to save column metadata for address_range_changes_apac_231e0_with_231c0.shape_vector: Float types are not supported. Use Decimal types instead.
2025-10-29 18:53:17 | ERROR    | app.services.alias_generator:load_models:81 - Failed to load HuggingFace models: 
T5Tokenizer requires the SentencePiece library but it was not found in your environment. Check out the instructions on the
installation page of its repo: https://github.com/google/sentencepiece#installation and follow the ones
that match your environment. Please note that you may need to restart your runtime after installation.

2025-10-29 18:53:17 | ERROR    | app.services.alias_generator:load_models:81 - Failed to load HuggingFace models: 
T5Tokenizer requires the SentencePiece library but it was not found in your environment. Check out the instructions on the
installation page of its repo: https://github.com/google/sentencepiece#installation and follow the ones
that match your environment. Please note that you may need to restart your runtime after installation.

2025-10-29 18:53:17 | ERROR    | app.services.dynamodb:save_column_metadata:256 - Failed to save column metadata for address_range_changes_apac_231e0_with_231c0.longitude: Float types are not supported. Use Decimal types instead.
2025-10-29 18:53:19 | ERROR    | app.services.alias_generator:load_models:81 - Failed to load HuggingFace models: 
T5Tokenizer requires the SentencePiece library but it was not found in your environment. Check out the instructions on the
installation page of its repo: https://github.com/google/sentencepiece#installation and follow the ones
that match your environment. Please note that you may need to restart your runtime after installation.

2025-10-29 18:53:19 | ERROR    | app.services.alias_generator:load_models:81 - Failed to load HuggingFace models: 
T5Tokenizer requires the SentencePiece library but it was not found in your environment. Check out the instructions on the
installation page of its repo: https://github.com/google/sentencepiece#installation and follow the ones
that match your environment. Please note that you may need to restart your runtime after installation.

2025-10-29 18:53:20 | ERROR    | app.services.dynamodb:save_column_metadata:256 - Failed to save column metadata for address_range_changes_apac_231e0_with_231c0.latitude: Float types are not supported. Use Decimal types instead.
2025-10-29 18:53:22 | ERROR    | app.services.alias_generator:load_models:81 - Failed to load HuggingFace models: 
T5Tokenizer requires the SentencePiece library but it was not found in your environment. Check out the instructions on the
installation page of its repo: https://github.com/google/sentencepiece#installation and follow the ones
that match your environment. Please note that you may need to restart your runtime after installation.

2025-10-29 18:53:22 | ERROR    | app.services.alias_generator:load_models:81 - Failed to load HuggingFace models: 
T5Tokenizer requires the SentencePiece library but it was not found in your environment. Check out the instructions on the
installation page of its repo: https://github.com/google/sentencepiece#installation and follow the ones
that match your environment. Please note that you may need to restart your runtime after installation.

2025-10-29 18:53:22 | ERROR    | app.services.dynamodb:save_column_metadata:256 - Failed to save column metadata for address_range_changes_apac_231e0_with_231c0.total_kms: Float types are not supported. Use Decimal types instead.
2025-10-29 19:04:33 | ERROR    | app.services.alias_generator:load_models:81 - Failed to load HuggingFace models: Consistency check failed: file should be of size 990345061 but has size 282754829 (model.safetensors).
This is usually due to network issues while downloading the file. Please retry with `force_download=True`.
2025-10-29 19:12:03 | ERROR    | app.services.dynamodb:save_column_metadata:267 - Failed to save column metadata for address_range_changes_apac_231e0_with_231c0.region: name '_convert_floats_to_decimal' is not defined
2025-10-29 19:12:09 | ERROR    | app.services.dynamodb:save_column_metadata:267 - Failed to save column metadata for address_range_changes_apac_231e0_with_231c0.road_link_id: name '_convert_floats_to_decimal' is not defined
2025-10-29 19:12:16 | ERROR    | app.services.dynamodb:save_column_metadata:267 - Failed to save column metadata for address_range_changes_apac_231e0_with_231c0.change_type: name '_convert_floats_to_decimal' is not defined
2025-10-29 19:12:22 | ERROR    | app.services.dynamodb:save_column_metadata:267 - Failed to save column metadata for address_range_changes_apac_231e0_with_231c0.change_date: name '_convert_floats_to_decimal' is not defined
2025-10-29 19:12:28 | ERROR    | app.services.dynamodb:save_column_metadata:267 - Failed to save column metadata for address_range_changes_apac_231e0_with_231c0.left_address_range: name '_convert_floats_to_decimal' is not defined
2025-10-29 19:12:34 | ERROR    | app.services.dynamodb:save_column_metadata:267 - Failed to save column metadata for address_range_changes_apac_231e0_with_231c0.right_address_range: name '_convert_floats_to_decimal' is not defined
2025-10-29 19:12:41 | ERROR    | app.services.dynamodb:save_column_metadata:267 - Failed to save column metadata for address_range_changes_apac_231e0_with_231c0.functional_class: name '_convert_floats_to_decimal' is not defined
2025-10-29 19:12:48 | ERROR    | app.services.dynamodb:save_column_metadata:267 - Failed to save column metadata for address_range_changes_apac_231e0_with_231c0.country: name '_convert_floats_to_decimal' is not defined
2025-10-29 19:12:52 | ERROR    | app.services.dynamodb:save_column_metadata:267 - Failed to save column metadata for address_range_changes_apac_231e0_with_231c0.admin_level2_name: name '_convert_floats_to_decimal' is not defined
2025-10-29 19:12:59 | ERROR    | app.services.dynamodb:save_column_metadata:267 - Failed to save column metadata for address_range_changes_apac_231e0_with_231c0.admin_level3_name: name '_convert_floats_to_decimal' is not defined
2025-10-29 19:13:05 | ERROR    | app.services.dynamodb:save_column_metadata:267 - Failed to save column metadata for address_range_changes_apac_231e0_with_231c0.admin_level4_name: name '_convert_floats_to_decimal' is not defined
2025-10-29 19:13:10 | ERROR    | app.services.dynamodb:save_column_metadata:267 - Failed to save column metadata for address_range_changes_apac_231e0_with_231c0.admin_l1_pvid: name '_convert_floats_to_decimal' is not defined
2025-10-29 19:13:16 | ERROR    | app.services.dynamodb:save_column_metadata:267 - Failed to save column metadata for address_range_changes_apac_231e0_with_231c0.admin_l2_pvid: name '_convert_floats_to_decimal' is not defined
2025-10-29 19:13:24 | ERROR    | app.services.dynamodb:save_column_metadata:267 - Failed to save column metadata for address_range_changes_apac_231e0_with_231c0.admin_l3_pvid: name '_convert_floats_to_decimal' is not defined
2025-10-29 19:20:37 | ERROR    | app.services.dynamodb:save_column_metadata:270 - Failed to save column metadata for address_range_changes_apac_231e0_with_231c0.change_date: Unsupported type "<class 'pandas._libs.tslibs.timestamps.Timestamp'>" for value "2023-03-01 02:32:40"
2025-10-29 19:35:22 | ERROR    | app.services.dynamodb:save_column_metadata:272 - Failed to save column metadata for address_range_changes_apac_231e0_with_231c0.region: name 'pd' is not defined
2025-10-29 19:35:29 | ERROR    | app.services.dynamodb:save_column_metadata:272 - Failed to save column metadata for address_range_changes_apac_231e0_with_231c0.road_link_id: name 'pd' is not defined
2025-10-29 19:35:36 | ERROR    | app.services.dynamodb:save_column_metadata:272 - Failed to save column metadata for address_range_changes_apac_231e0_with_231c0.change_type: name 'pd' is not defined
2025-10-29 19:35:40 | ERROR    | app.services.dynamodb:save_column_metadata:272 - Failed to save column metadata for address_range_changes_apac_231e0_with_231c0.change_date: name 'pd' is not defined
2025-10-29 19:35:46 | ERROR    | app.services.dynamodb:save_column_metadata:272 - Failed to save column metadata for address_range_changes_apac_231e0_with_231c0.left_address_range: name 'pd' is not defined
2025-10-29 19:35:50 | ERROR    | app.services.dynamodb:save_column_metadata:272 - Failed to save column metadata for address_range_changes_apac_231e0_with_231c0.right_address_range: name 'pd' is not defined
2025-10-29 19:35:56 | ERROR    | app.services.dynamodb:save_column_metadata:272 - Failed to save column metadata for address_range_changes_apac_231e0_with_231c0.functional_class: name 'pd' is not defined
2025-10-29 19:36:02 | ERROR    | app.services.dynamodb:save_column_metadata:272 - Failed to save column metadata for address_range_changes_apac_231e0_with_231c0.country: name 'pd' is not defined
2025-10-29 19:36:08 | ERROR    | app.services.dynamodb:save_column_metadata:272 - Failed to save column metadata for address_range_changes_apac_231e0_with_231c0.admin_level2_name: name 'pd' is not defined
2025-10-29 19:53:32 | ERROR    | app.services.dynamodb:get_column_metadata:343 - Failed to get column metadata for address_range_changes_apac_231e0_with_231c0.total_kms: An error occurred (ValidationException) when calling the GetItem operation: The provided key element does not match the schema
2025-10-29 19:53:47 | ERROR    | app.services.dynamodb:get_column_metadata:343 - Failed to get column metadata for address_range_changes_apac_231e0_with_231c0.total_kms: An error occurred (ValidationException) when calling the GetItem operation: The provided key element does not match the schema
2025-11-01 20:10:44 | ERROR    | app.services.dynamodb:get_all_table_metadata:219 - Failed to get all table metadata: An error occurred (UnrecognizedClientException) when calling the Scan operation: The security token included in the request is invalid.
2025-11-01 20:10:44 | ERROR    | app.services.dynamodb:get_all_table_metadata:219 - Failed to get all table metadata: An error occurred (UnrecognizedClientException) when calling the Scan operation: The security token included in the request is invalid.
2025-11-01 20:10:56 | ERROR    | app.services.dynamodb:get_all_table_metadata:219 - Failed to get all table metadata: An error occurred (UnrecognizedClientException) when calling the Scan operation: The security token included in the request is invalid.
2025-11-01 20:10:56 | ERROR    | app.services.dynamodb:get_all_table_metadata:219 - Failed to get all table metadata: An error occurred (UnrecognizedClientException) when calling the Scan operation: The security token included in the request is invalid.
2025-11-04 11:32:15 | ERROR    | app.services.dynamodb:get_table_metadata:173 - Failed to get table metadata for address_range_changes_apac_231e0_with_231c0: An error occurred (ExpiredTokenException) when calling the GetItem operation: The security token included in the request is expired
2025-11-04 11:32:24 | ERROR    | app.services.dynamodb:get_table_metadata:173 - Failed to get table metadata for address_range_changes_apac_231e0_with_231c0: An error occurred (ExpiredTokenException) when calling the GetItem operation: The security token included in the request is expired
2025-11-04 11:32:29 | ERROR    | app.services.dynamodb:get_table_metadata:173 - Failed to get table metadata for address_range_changes_apac_231e0_with_231c0: An error occurred (ExpiredTokenException) when calling the GetItem operation: The security token included in the request is expired
2025-11-04 14:58:37 | ERROR    | app.services.starburst:execute_query_to_df:114 - Query execution to DataFrame failed: failed to execute: HTTPSConnectionPool(host='starburst.analytics.in.here.com', port=443): Max retries exceeded with url: /v1/statement (Caused by NewConnectionError('<urllib3.connection.HTTPSConnection object at 0x00000225B61EF1D0>: Failed to establish a new connection: [Errno 11001] getaddrinfo failed'))
2025-11-04 14:58:37 | ERROR    | app.services.starburst:get_sample_data:200 - Failed to get sample data from address_range_changes_apac_231e0_with_231c0: failed to execute: HTTPSConnectionPool(host='starburst.analytics.in.here.com', port=443): Max retries exceeded with url: /v1/statement (Caused by NewConnectionError('<urllib3.connection.HTTPSConnection object at 0x00000225B61EF1D0>: Failed to establish a new connection: [Errno 11001] getaddrinfo failed'))
2025-11-04 14:58:37 | ERROR    | app.api.tables:get_table_data:120 - Error fetching table data for address_range_changes_apac_231e0_with_231c0: failed to execute: HTTPSConnectionPool(host='starburst.analytics.in.here.com', port=443): Max retries exceeded with url: /v1/statement (Caused by NewConnectionError('<urllib3.connection.HTTPSConnection object at 0x00000225B61EF1D0>: Failed to establish a new connection: [Errno 11001] getaddrinfo failed'))
2025-11-05 17:19:12 | ERROR    | app.services.starburst:execute_query:73 - Query execution failed: TrinoUserError(type=USER_ERROR, name=PERMISSION_DENIED, message="Access Denied: Cannot access catalog explorer_datasets", query_id=20251105_114911_67063_qwywg)
2025-11-05 17:19:13 | ERROR    | app.services.starburst:get_tables_in_catalog:414 - Failed to get tables from explorer_datasets.public: TrinoUserError(type=USER_ERROR, name=PERMISSION_DENIED, message="Access Denied: Cannot access catalog explorer_datasets", query_id=20251105_114911_67063_qwywg)
2025-11-05 17:19:13 | ERROR    | __main__:main:82 - Failed to list tables: TrinoUserError(type=USER_ERROR, name=PERMISSION_DENIED, message="Access Denied: Cannot access catalog explorer_datasets", query_id=20251105_114911_67063_qwywg)
2025-11-05 17:22:48 | ERROR    | app.services.starburst:execute_query:73 - Query execution failed: TrinoUserError(type=USER_ERROR, name=SYNTAX_ERROR, message="line 1:1: Too many parts in schema name: here_explorer.explorer_datasets.public", query_id=20251105_115247_67169_qwywg)
2025-11-05 17:22:49 | ERROR    | app.services.starburst:get_tables_in_catalog:414 - Failed to get tables from here_explorer.explorer_datasets.public: TrinoUserError(type=USER_ERROR, name=SYNTAX_ERROR, message="line 1:1: Too many parts in schema name: here_explorer.explorer_datasets.public", query_id=20251105_115247_67169_qwywg)
2025-11-05 17:22:49 | ERROR    | __main__:main:82 - Failed to list tables: TrinoUserError(type=USER_ERROR, name=SYNTAX_ERROR, message="line 1:1: Too many parts in schema name: here_explorer.explorer_datasets.public", query_id=20251105_115247_67169_qwywg)
2025-11-05 17:24:56 | ERROR    | app.services.starburst:execute_query:73 - Query execution failed: TrinoUserError(type=USER_ERROR, name=PERMISSION_DENIED, message="Access Denied: Cannot access catalog explorer_datasets", query_id=20251105_115455_67251_qwywg)
2025-11-05 17:24:57 | ERROR    | app.services.starburst:get_tables_in_catalog:414 - Failed to get tables from explorer_datasets.public: TrinoUserError(type=USER_ERROR, name=PERMISSION_DENIED, message="Access Denied: Cannot access catalog explorer_datasets", query_id=20251105_115455_67251_qwywg)
2025-11-05 17:24:57 | ERROR    | __main__:main:82 - Failed to list tables: TrinoUserError(type=USER_ERROR, name=PERMISSION_DENIED, message="Access Denied: Cannot access catalog explorer_datasets", query_id=20251105_115455_67251_qwywg)
2025-11-05 17:53:35 | ERROR    | app.services.starburst:execute_query:73 - Query execution failed: TrinoUserError(type=USER_ERROR, name=CATALOG_NOT_FOUND, message="line 1:1: Catalog 'explorer_datasets' not found", query_id=20251105_122333_69332_qwywg)
2025-11-05 17:53:35 | ERROR    | app.services.starburst:get_table_schema_with_catalog:443 - Failed to get schema for explorer_datasets.public.address_range_changes_apac_231e0_with_231c0: TrinoUserError(type=USER_ERROR, name=CATALOG_NOT_FOUND, message="line 1:1: Catalog 'explorer_datasets' not found", query_id=20251105_122333_69332_qwywg)
2025-11-05 17:53:35 | ERROR    | app.services.metadata_generator:generate_metadata_for_table:175 - ❌ Failed to generate metadata for explorer_datasets.address_range_changes_apac_231e0_with_231c0: TrinoUserError(type=USER_ERROR, name=CATALOG_NOT_FOUND, message="line 1:1: Catalog 'explorer_datasets' not found", query_id=20251105_122333_69332_qwywg)
2025-11-05 17:53:35 | ERROR    | __main__:main:109 - ❌ Failed to generate metadata for address_range_changes_apac_231e0_with_231c0
2025-11-05 18:08:15 | ERROR    | app.services.starburst:execute_query:73 - Query execution failed: TrinoUserError(type=USER_ERROR, name=CATALOG_NOT_FOUND, message="line 1:1: Catalog 'explorer_datasets' not found", query_id=20251105_123813_70576_qwywg)
2025-11-05 18:08:15 | ERROR    | app.services.starburst:get_table_schema_with_catalog:443 - Failed to get schema for explorer_datasets.public.address_range_changes_apac_231e0_with_231c0: TrinoUserError(type=USER_ERROR, name=CATALOG_NOT_FOUND, message="line 1:1: Catalog 'explorer_datasets' not found", query_id=20251105_123813_70576_qwywg)
2025-11-05 18:08:15 | ERROR    | app.services.metadata_generator:generate_metadata_for_table:175 - ❌ Failed to generate metadata for explorer_datasets.address_range_changes_apac_231e0_with_231c0: TrinoUserError(type=USER_ERROR, name=CATALOG_NOT_FOUND, message="line 1:1: Catalog 'explorer_datasets' not found", query_id=20251105_123813_70576_qwywg)
2025-11-05 18:08:15 | ERROR    | __main__:main:109 - ❌ Failed to generate metadata for address_range_changes_apac_231e0_with_231c0
2025-11-05 18:09:26 | ERROR    | app.services.starburst:execute_query:73 - Query execution failed: TrinoUserError(type=USER_ERROR, name=CATALOG_NOT_FOUND, message="line 1:1: Catalog 'explorer_datasets' not found", query_id=20251105_123925_70648_qwywg)
2025-11-05 18:09:27 | ERROR    | app.services.starburst:get_table_schema_with_catalog:443 - Failed to get schema for explorer_datasets.public.address_range_changes_apac_231e0_with_231c0: TrinoUserError(type=USER_ERROR, name=CATALOG_NOT_FOUND, message="line 1:1: Catalog 'explorer_datasets' not found", query_id=20251105_123925_70648_qwywg)
2025-11-05 18:09:27 | ERROR    | app.services.metadata_generator:generate_metadata_for_table:175 - ❌ Failed to generate metadata for explorer_datasets.address_range_changes_apac_231e0_with_231c0: TrinoUserError(type=USER_ERROR, name=CATALOG_NOT_FOUND, message="line 1:1: Catalog 'explorer_datasets' not found", query_id=20251105_123925_70648_qwywg)
2025-11-05 18:09:27 | ERROR    | __main__:main:109 - ❌ Failed to generate metadata for address_range_changes_apac_231e0_with_231c0
2025-11-05 18:29:05 | ERROR    | app.services.starburst:execute_query_to_df:114 - Query execution to DataFrame failed: TrinoUserError(type=USER_ERROR, name=SYNTAX_ERROR, message="line 3:86: mismatched input '.100'. Expecting: ',', '.', 'AS', 'CROSS', 'EXCEPT', 'FETCH', 'FOR', 'FULL', 'GROUP', 'HAVING', 'INNER', 'INTERSECT', 'JOIN', 'LEFT', 'LIMIT', 'MATCH_RECOGNIZE', 'NATURAL', 'OFFSET', 'ORDER', 'RIGHT', 'TABLESAMPLE', 'UNION', 'WHERE', 'WINDOW', <EOF>, <identifier>", query_id=20251105_125905_72134_qwywg)
2025-11-05 18:29:05 | ERROR    | app.services.starburst:get_sample_data_with_catalog:498 - Failed to get sample data from here_explorer.address_range_changes_apac_231e0_with_231c0.public.100: TrinoUserError(type=USER_ERROR, name=SYNTAX_ERROR, message="line 3:86: mismatched input '.100'. Expecting: ',', '.', 'AS', 'CROSS', 'EXCEPT', 'FETCH', 'FOR', 'FULL', 'GROUP', 'HAVING', 'INNER', 'INTERSECT', 'JOIN', 'LEFT', 'LIMIT', 'MATCH_RECOGNIZE', 'NATURAL', 'OFFSET', 'ORDER', 'RIGHT', 'TABLESAMPLE', 'UNION', 'WHERE', 'WINDOW', <EOF>, <identifier>", query_id=20251105_125905_72134_qwywg)
2025-11-05 18:29:05 | ERROR    | app.api.tables:get_table_data:155 - Error fetching table data for here_explorer.address_range_changes_apac_231e0_with_231c0.public.100: TrinoUserError(type=USER_ERROR, name=SYNTAX_ERROR, message="line 3:86: mismatched input '.100'. Expecting: ',', '.', 'AS', 'CROSS', 'EXCEPT', 'FETCH', 'FOR', 'FULL', 'GROUP', 'HAVING', 'INNER', 'INTERSECT', 'JOIN', 'LEFT', 'LIMIT', 'MATCH_RECOGNIZE', 'NATURAL', 'OFFSET', 'ORDER', 'RIGHT', 'TABLESAMPLE', 'UNION', 'WHERE', 'WINDOW', <EOF>, <identifier>", query_id=20251105_125905_72134_qwywg)
2025-11-05 18:29:08 | ERROR    | app.services.starburst:execute_query_to_df:114 - Query execution to DataFrame failed: TrinoUserError(type=USER_ERROR, name=SYNTAX_ERROR, message="line 3:86: mismatched input '.100'. Expecting: ',', '.', 'AS', 'CROSS', 'EXCEPT', 'FETCH', 'FOR', 'FULL', 'GROUP', 'HAVING', 'INNER', 'INTERSECT', 'JOIN', 'LEFT', 'LIMIT', 'MATCH_RECOGNIZE', 'NATURAL', 'OFFSET', 'ORDER', 'RIGHT', 'TABLESAMPLE', 'UNION', 'WHERE', 'WINDOW', <EOF>, <identifier>", query_id=20251105_125907_72136_qwywg)
2025-11-05 18:29:09 | ERROR    | app.services.starburst:get_sample_data_with_catalog:498 - Failed to get sample data from here_explorer.address_range_changes_apac_231e0_with_231c0.public.100: TrinoUserError(type=USER_ERROR, name=SYNTAX_ERROR, message="line 3:86: mismatched input '.100'. Expecting: ',', '.', 'AS', 'CROSS', 'EXCEPT', 'FETCH', 'FOR', 'FULL', 'GROUP', 'HAVING', 'INNER', 'INTERSECT', 'JOIN', 'LEFT', 'LIMIT', 'MATCH_RECOGNIZE', 'NATURAL', 'OFFSET', 'ORDER', 'RIGHT', 'TABLESAMPLE', 'UNION', 'WHERE', 'WINDOW', <EOF>, <identifier>", query_id=20251105_125907_72136_qwywg)
2025-11-05 18:29:09 | ERROR    | app.api.tables:get_table_data:155 - Error fetching table data for here_explorer.address_range_changes_apac_231e0_with_231c0.public.100: TrinoUserError(type=USER_ERROR, name=SYNTAX_ERROR, message="line 3:86: mismatched input '.100'. Expecting: ',', '.', 'AS', 'CROSS', 'EXCEPT', 'FETCH', 'FOR', 'FULL', 'GROUP', 'HAVING', 'INNER', 'INTERSECT', 'JOIN', 'LEFT', 'LIMIT', 'MATCH_RECOGNIZE', 'NATURAL', 'OFFSET', 'ORDER', 'RIGHT', 'TABLESAMPLE', 'UNION', 'WHERE', 'WINDOW', <EOF>, <identifier>", query_id=20251105_125907_72136_qwywg)
2025-11-05 19:01:27 | ERROR    | app.services.starburst:execute_query_to_df:114 - Query execution to DataFrame failed: TrinoUserError(type=USER_ERROR, name=SYNTAX_ERROR, message="line 3:86: mismatched input '.100'. Expecting: ',', '.', 'AS', 'CROSS', 'EXCEPT', 'FETCH', 'FOR', 'FULL', 'GROUP', 'HAVING', 'INNER', 'INTERSECT', 'JOIN', 'LEFT', 'LIMIT', 'MATCH_RECOGNIZE', 'NATURAL', 'OFFSET', 'ORDER', 'RIGHT', 'TABLESAMPLE', 'UNION', 'WHERE', 'WINDOW', <EOF>, <identifier>", query_id=20251105_133126_74703_qwywg)
2025-11-05 19:01:27 | ERROR    | app.services.starburst:get_sample_data_with_catalog:498 - Failed to get sample data from here_explorer.address_range_changes_apac_231e0_with_231c0.public.100: TrinoUserError(type=USER_ERROR, name=SYNTAX_ERROR, message="line 3:86: mismatched input '.100'. Expecting: ',', '.', 'AS', 'CROSS', 'EXCEPT', 'FETCH', 'FOR', 'FULL', 'GROUP', 'HAVING', 'INNER', 'INTERSECT', 'JOIN', 'LEFT', 'LIMIT', 'MATCH_RECOGNIZE', 'NATURAL', 'OFFSET', 'ORDER', 'RIGHT', 'TABLESAMPLE', 'UNION', 'WHERE', 'WINDOW', <EOF>, <identifier>", query_id=20251105_133126_74703_qwywg)
2025-11-05 19:01:27 | ERROR    | app.api.tables:get_table_data:155 - Error fetching table data for here_explorer.address_range_changes_apac_231e0_with_231c0.public.100: TrinoUserError(type=USER_ERROR, name=SYNTAX_ERROR, message="line 3:86: mismatched input '.100'. Expecting: ',', '.', 'AS', 'CROSS', 'EXCEPT', 'FETCH', 'FOR', 'FULL', 'GROUP', 'HAVING', 'INNER', 'INTERSECT', 'JOIN', 'LEFT', 'LIMIT', 'MATCH_RECOGNIZE', 'NATURAL', 'OFFSET', 'ORDER', 'RIGHT', 'TABLESAMPLE', 'UNION', 'WHERE', 'WINDOW', <EOF>, <identifier>", query_id=20251105_133126_74703_qwywg)
2025-11-05 19:01:30 | ERROR    | app.services.starburst:execute_query_to_df:114 - Query execution to DataFrame failed: TrinoUserError(type=USER_ERROR, name=SYNTAX_ERROR, message="line 3:86: mismatched input '.100'. Expecting: ',', '.', 'AS', 'CROSS', 'EXCEPT', 'FETCH', 'FOR', 'FULL', 'GROUP', 'HAVING', 'INNER', 'INTERSECT', 'JOIN', 'LEFT', 'LIMIT', 'MATCH_RECOGNIZE', 'NATURAL', 'OFFSET', 'ORDER', 'RIGHT', 'TABLESAMPLE', 'UNION', 'WHERE', 'WINDOW', <EOF>, <identifier>", query_id=20251105_133130_74713_qwywg)
2025-11-05 19:01:30 | ERROR    | app.services.starburst:get_sample_data_with_catalog:498 - Failed to get sample data from here_explorer.address_range_changes_apac_231e0_with_231c0.public.100: TrinoUserError(type=USER_ERROR, name=SYNTAX_ERROR, message="line 3:86: mismatched input '.100'. Expecting: ',', '.', 'AS', 'CROSS', 'EXCEPT', 'FETCH', 'FOR', 'FULL', 'GROUP', 'HAVING', 'INNER', 'INTERSECT', 'JOIN', 'LEFT', 'LIMIT', 'MATCH_RECOGNIZE', 'NATURAL', 'OFFSET', 'ORDER', 'RIGHT', 'TABLESAMPLE', 'UNION', 'WHERE', 'WINDOW', <EOF>, <identifier>", query_id=20251105_133130_74713_qwywg)
2025-11-05 19:01:30 | ERROR    | app.api.tables:get_table_data:155 - Error fetching table data for here_explorer.address_range_changes_apac_231e0_with_231c0.public.100: TrinoUserError(type=USER_ERROR, name=SYNTAX_ERROR, message="line 3:86: mismatched input '.100'. Expecting: ',', '.', 'AS', 'CROSS', 'EXCEPT', 'FETCH', 'FOR', 'FULL', 'GROUP', 'HAVING', 'INNER', 'INTERSECT', 'JOIN', 'LEFT', 'LIMIT', 'MATCH_RECOGNIZE', 'NATURAL', 'OFFSET', 'ORDER', 'RIGHT', 'TABLESAMPLE', 'UNION', 'WHERE', 'WINDOW', <EOF>, <identifier>", query_id=20251105_133130_74713_qwywg)
2025-11-06 16:46:14 | ERROR    | app.api.tables:get_schemas_in_catalog:69 - Error fetching schemas from here_explorer: 'StarburstService' object has no attribute 'get_schemas_in_catalog'
2025-11-06 16:46:17 | ERROR    | app.api.tables:get_schemas_in_catalog:69 - Error fetching schemas from here_explorer: 'StarburstService' object has no attribute 'get_schemas_in_catalog'
2025-11-06 16:47:08 | ERROR    | app.api.tables:get_schemas_in_catalog:69 - Error fetching schemas from fastmap_lakehouse: 'StarburstService' object has no attribute 'get_schemas_in_catalog'
2025-11-06 16:47:20 | ERROR    | app.api.tables:get_schemas_in_catalog:69 - Error fetching schemas from core_content: 'StarburstService' object has no attribute 'get_schemas_in_catalog'
2025-11-06 16:47:32 | ERROR    | app.api.tables:get_schemas_in_catalog:69 - Error fetching schemas from fastmap_lakehouse: 'StarburstService' object has no attribute 'get_schemas_in_catalog'
2025-11-06 16:47:39 | ERROR    | app.api.tables:get_schemas_in_catalog:69 - Error fetching schemas from here_explorer: 'StarburstService' object has no attribute 'get_schemas_in_catalog'
2025-11-06 16:48:54 | ERROR    | app.api.tables:get_schemas_in_catalog:69 - Error fetching schemas from here_explorer: 'StarburstService' object has no attribute 'get_schemas_in_catalog'
2025-11-06 16:48:57 | ERROR    | app.api.tables:get_schemas_in_catalog:69 - Error fetching schemas from here_explorer: 'StarburstService' object has no attribute 'get_schemas_in_catalog'
2025-11-06 16:52:26 | ERROR    | app.api.tables:get_schemas_in_catalog:69 - Error fetching schemas from here_traffic: 'StarburstService' object has no attribute 'get_schemas_in_catalog'
2025-11-06 16:57:25 | ERROR    | app.services.starburst:get_schemas_in_catalog:396 - Failed to get schemas from here_explorer: 'list' object has no attribute 'empty'
2025-11-06 16:57:39 | ERROR    | app.services.starburst:get_schemas_in_catalog:396 - Failed to get schemas from here_explorer: 'list' object has no attribute 'empty'
2025-11-06 16:57:51 | ERROR    | app.services.starburst:get_schemas_in_catalog:396 - Failed to get schemas from core_content: 'list' object has no attribute 'empty'
2025-11-06 16:59:08 | ERROR    | app.services.starburst:get_schemas_in_catalog:396 - Failed to get schemas from here_explorer: 'list' object has no attribute 'empty'
2025-11-06 16:59:28 | ERROR    | app.services.starburst:get_schemas_in_catalog:396 - Failed to get schemas from core_content: 'list' object has no attribute 'empty'
2025-11-06 16:59:41 | ERROR    | app.services.starburst:get_schemas_in_catalog:396 - Failed to get schemas from here_explorer: 'list' object has no attribute 'empty'
2025-11-06 17:00:21 | ERROR    | app.services.starburst:get_schemas_in_catalog:396 - Failed to get schemas from here_explorer: 'list' object has no attribute 'empty'
2025-11-06 17:00:28 | ERROR    | app.services.starburst:get_schemas_in_catalog:396 - Failed to get schemas from here_explorer: 'list' object has no attribute 'empty'
2025-11-06 17:00:31 | ERROR    | app.services.starburst:execute_query_to_df:114 - Query execution to DataFrame failed: TrinoUserError(type=USER_ERROR, name=SYNTAX_ERROR, message="line 3:97: mismatched input '.100'. Expecting: ',', '.', 'AS', 'CROSS', 'EXCEPT', 'FETCH', 'FOR', 'FULL', 'GROUP', 'HAVING', 'INNER', 'INTERSECT', 'JOIN', 'LEFT', 'LIMIT', 'MATCH_RECOGNIZE', 'NATURAL', 'OFFSET', 'ORDER', 'RIGHT', 'TABLESAMPLE', 'UNION', 'WHERE', 'WINDOW', <EOF>, <identifier>", query_id=20251106_113031_07909_zwvxu)
2025-11-06 17:00:31 | ERROR    | app.services.starburst:get_sample_data_with_catalog:530 - Failed to get sample data from here_explorer.explorer_datasets.address_range_changes_apac_231e0_with_231c0.100.undefined: TrinoUserError(type=USER_ERROR, name=SYNTAX_ERROR, message="line 3:97: mismatched input '.100'. Expecting: ',', '.', 'AS', 'CROSS', 'EXCEPT', 'FETCH', 'FOR', 'FULL', 'GROUP', 'HAVING', 'INNER', 'INTERSECT', 'JOIN', 'LEFT', 'LIMIT', 'MATCH_RECOGNIZE', 'NATURAL', 'OFFSET', 'ORDER', 'RIGHT', 'TABLESAMPLE', 'UNION', 'WHERE', 'WINDOW', <EOF>, <identifier>", query_id=20251106_113031_07909_zwvxu)
2025-11-06 17:00:31 | ERROR    | app.api.tables:get_table_data:189 - Error fetching table data for here_explorer.explorer_datasets.address_range_changes_apac_231e0_with_231c0.100.undefined: TrinoUserError(type=USER_ERROR, name=SYNTAX_ERROR, message="line 3:97: mismatched input '.100'. Expecting: ',', '.', 'AS', 'CROSS', 'EXCEPT', 'FETCH', 'FOR', 'FULL', 'GROUP', 'HAVING', 'INNER', 'INTERSECT', 'JOIN', 'LEFT', 'LIMIT', 'MATCH_RECOGNIZE', 'NATURAL', 'OFFSET', 'ORDER', 'RIGHT', 'TABLESAMPLE', 'UNION', 'WHERE', 'WINDOW', <EOF>, <identifier>", query_id=20251106_113031_07909_zwvxu)
2025-11-06 17:00:33 | ERROR    | app.services.starburst:execute_query_to_df:114 - Query execution to DataFrame failed: TrinoUserError(type=USER_ERROR, name=SYNTAX_ERROR, message="line 3:97: mismatched input '.100'. Expecting: ',', '.', 'AS', 'CROSS', 'EXCEPT', 'FETCH', 'FOR', 'FULL', 'GROUP', 'HAVING', 'INNER', 'INTERSECT', 'JOIN', 'LEFT', 'LIMIT', 'MATCH_RECOGNIZE', 'NATURAL', 'OFFSET', 'ORDER', 'RIGHT', 'TABLESAMPLE', 'UNION', 'WHERE', 'WINDOW', <EOF>, <identifier>", query_id=20251106_113033_07961_zwvxu)
2025-11-06 17:00:33 | ERROR    | app.services.starburst:get_sample_data_with_catalog:530 - Failed to get sample data from here_explorer.explorer_datasets.address_range_changes_apac_231e0_with_231c0.100.undefined: TrinoUserError(type=USER_ERROR, name=SYNTAX_ERROR, message="line 3:97: mismatched input '.100'. Expecting: ',', '.', 'AS', 'CROSS', 'EXCEPT', 'FETCH', 'FOR', 'FULL', 'GROUP', 'HAVING', 'INNER', 'INTERSECT', 'JOIN', 'LEFT', 'LIMIT', 'MATCH_RECOGNIZE', 'NATURAL', 'OFFSET', 'ORDER', 'RIGHT', 'TABLESAMPLE', 'UNION', 'WHERE', 'WINDOW', <EOF>, <identifier>", query_id=20251106_113033_07961_zwvxu)
2025-11-06 17:00:33 | ERROR    | app.api.tables:get_table_data:189 - Error fetching table data for here_explorer.explorer_datasets.address_range_changes_apac_231e0_with_231c0.100.undefined: TrinoUserError(type=USER_ERROR, name=SYNTAX_ERROR, message="line 3:97: mismatched input '.100'. Expecting: ',', '.', 'AS', 'CROSS', 'EXCEPT', 'FETCH', 'FOR', 'FULL', 'GROUP', 'HAVING', 'INNER', 'INTERSECT', 'JOIN', 'LEFT', 'LIMIT', 'MATCH_RECOGNIZE', 'NATURAL', 'OFFSET', 'ORDER', 'RIGHT', 'TABLESAMPLE', 'UNION', 'WHERE', 'WINDOW', <EOF>, <identifier>", query_id=20251106_113033_07961_zwvxu)
2025-11-06 17:05:33 | ERROR    | app.services.starburst:get_schemas_in_catalog:396 - Failed to get schemas from here_explorer: 'list' object has no attribute 'empty'
2025-11-06 17:05:44 | ERROR    | app.services.starburst:get_schemas_in_catalog:396 - Failed to get schemas from here_explorer: 'list' object has no attribute 'empty'
2025-11-06 17:05:51 | ERROR    | app.services.starburst:get_schemas_in_catalog:396 - Failed to get schemas from here_explorer: 'list' object has no attribute 'empty'
2025-11-06 17:07:31 | ERROR    | app.services.starburst:execute_query_to_df:114 - Query execution to DataFrame failed: TrinoUserError(type=USER_ERROR, name=SYNTAX_ERROR, message="line 3:97: mismatched input '.100'. Expecting: ',', '.', 'AS', 'CROSS', 'EXCEPT', 'FETCH', 'FOR', 'FULL', 'GROUP', 'HAVING', 'INNER', 'INTERSECT', 'JOIN', 'LEFT', 'LIMIT', 'MATCH_RECOGNIZE', 'NATURAL', 'OFFSET', 'ORDER', 'RIGHT', 'TABLESAMPLE', 'UNION', 'WHERE', 'WINDOW', <EOF>, <identifier>", query_id=20251106_113730_09125_zwvxu)
2025-11-06 17:07:31 | ERROR    | app.services.starburst:get_sample_data_with_catalog:530 - Failed to get sample data from here_explorer.explorer_datasets.address_range_changes_apac_231e0_with_231c0.100.undefined: TrinoUserError(type=USER_ERROR, name=SYNTAX_ERROR, message="line 3:97: mismatched input '.100'. Expecting: ',', '.', 'AS', 'CROSS', 'EXCEPT', 'FETCH', 'FOR', 'FULL', 'GROUP', 'HAVING', 'INNER', 'INTERSECT', 'JOIN', 'LEFT', 'LIMIT', 'MATCH_RECOGNIZE', 'NATURAL', 'OFFSET', 'ORDER', 'RIGHT', 'TABLESAMPLE', 'UNION', 'WHERE', 'WINDOW', <EOF>, <identifier>", query_id=20251106_113730_09125_zwvxu)
2025-11-06 17:07:31 | ERROR    | app.api.tables:get_table_data:189 - Error fetching table data for here_explorer.explorer_datasets.address_range_changes_apac_231e0_with_231c0.100.undefined: TrinoUserError(type=USER_ERROR, name=SYNTAX_ERROR, message="line 3:97: mismatched input '.100'. Expecting: ',', '.', 'AS', 'CROSS', 'EXCEPT', 'FETCH', 'FOR', 'FULL', 'GROUP', 'HAVING', 'INNER', 'INTERSECT', 'JOIN', 'LEFT', 'LIMIT', 'MATCH_RECOGNIZE', 'NATURAL', 'OFFSET', 'ORDER', 'RIGHT', 'TABLESAMPLE', 'UNION', 'WHERE', 'WINDOW', <EOF>, <identifier>", query_id=20251106_113730_09125_zwvxu)
2025-11-06 17:07:33 | ERROR    | app.services.starburst:execute_query_to_df:114 - Query execution to DataFrame failed: TrinoUserError(type=USER_ERROR, name=SYNTAX_ERROR, message="line 3:97: mismatched input '.100'. Expecting: ',', '.', 'AS', 'CROSS', 'EXCEPT', 'FETCH', 'FOR', 'FULL', 'GROUP', 'HAVING', 'INNER', 'INTERSECT', 'JOIN', 'LEFT', 'LIMIT', 'MATCH_RECOGNIZE', 'NATURAL', 'OFFSET', 'ORDER', 'RIGHT', 'TABLESAMPLE', 'UNION', 'WHERE', 'WINDOW', <EOF>, <identifier>", query_id=20251106_113733_09127_zwvxu)
2025-11-06 17:07:34 | ERROR    | app.services.starburst:get_sample_data_with_catalog:530 - Failed to get sample data from here_explorer.explorer_datasets.address_range_changes_apac_231e0_with_231c0.100.undefined: TrinoUserError(type=USER_ERROR, name=SYNTAX_ERROR, message="line 3:97: mismatched input '.100'. Expecting: ',', '.', 'AS', 'CROSS', 'EXCEPT', 'FETCH', 'FOR', 'FULL', 'GROUP', 'HAVING', 'INNER', 'INTERSECT', 'JOIN', 'LEFT', 'LIMIT', 'MATCH_RECOGNIZE', 'NATURAL', 'OFFSET', 'ORDER', 'RIGHT', 'TABLESAMPLE', 'UNION', 'WHERE', 'WINDOW', <EOF>, <identifier>", query_id=20251106_113733_09127_zwvxu)
2025-11-06 17:07:34 | ERROR    | app.api.tables:get_table_data:189 - Error fetching table data for here_explorer.explorer_datasets.address_range_changes_apac_231e0_with_231c0.100.undefined: TrinoUserError(type=USER_ERROR, name=SYNTAX_ERROR, message="line 3:97: mismatched input '.100'. Expecting: ',', '.', 'AS', 'CROSS', 'EXCEPT', 'FETCH', 'FOR', 'FULL', 'GROUP', 'HAVING', 'INNER', 'INTERSECT', 'JOIN', 'LEFT', 'LIMIT', 'MATCH_RECOGNIZE', 'NATURAL', 'OFFSET', 'ORDER', 'RIGHT', 'TABLESAMPLE', 'UNION', 'WHERE', 'WINDOW', <EOF>, <identifier>", query_id=20251106_113733_09127_zwvxu)
2025-11-06 17:37:02 | ERROR    | app.services.starburst:execute_query_to_df:114 - Query execution to DataFrame failed: TrinoUserError(type=USER_ERROR, name=SYNTAX_ERROR, message="line 3:97: mismatched input '.100'. Expecting: ',', '.', 'AS', 'CROSS', 'EXCEPT', 'FETCH', 'FOR', 'FULL', 'GROUP', 'HAVING', 'INNER', 'INTERSECT', 'JOIN', 'LEFT', 'LIMIT', 'MATCH_RECOGNIZE', 'NATURAL', 'OFFSET', 'ORDER', 'RIGHT', 'TABLESAMPLE', 'UNION', 'WHERE', 'WINDOW', <EOF>, <identifier>", query_id=20251106_120702_12744_zwvxu)
2025-11-06 17:37:03 | ERROR    | app.services.starburst:get_sample_data_with_catalog:534 - Failed to get sample data from here_explorer.explorer_datasets.address_range_changes_apac_231e0_with_231c0.100.undefined: TrinoUserError(type=USER_ERROR, name=SYNTAX_ERROR, message="line 3:97: mismatched input '.100'. Expecting: ',', '.', 'AS', 'CROSS', 'EXCEPT', 'FETCH', 'FOR', 'FULL', 'GROUP', 'HAVING', 'INNER', 'INTERSECT', 'JOIN', 'LEFT', 'LIMIT', 'MATCH_RECOGNIZE', 'NATURAL', 'OFFSET', 'ORDER', 'RIGHT', 'TABLESAMPLE', 'UNION', 'WHERE', 'WINDOW', <EOF>, <identifier>", query_id=20251106_120702_12744_zwvxu)
2025-11-06 17:37:03 | ERROR    | app.api.tables:get_table_data:189 - Error fetching table data for here_explorer.explorer_datasets.address_range_changes_apac_231e0_with_231c0.100.undefined: TrinoUserError(type=USER_ERROR, name=SYNTAX_ERROR, message="line 3:97: mismatched input '.100'. Expecting: ',', '.', 'AS', 'CROSS', 'EXCEPT', 'FETCH', 'FOR', 'FULL', 'GROUP', 'HAVING', 'INNER', 'INTERSECT', 'JOIN', 'LEFT', 'LIMIT', 'MATCH_RECOGNIZE', 'NATURAL', 'OFFSET', 'ORDER', 'RIGHT', 'TABLESAMPLE', 'UNION', 'WHERE', 'WINDOW', <EOF>, <identifier>", query_id=20251106_120702_12744_zwvxu)
2025-11-06 17:37:05 | ERROR    | app.services.starburst:execute_query_to_df:114 - Query execution to DataFrame failed: TrinoUserError(type=USER_ERROR, name=SYNTAX_ERROR, message="line 3:97: mismatched input '.100'. Expecting: ',', '.', 'AS', 'CROSS', 'EXCEPT', 'FETCH', 'FOR', 'FULL', 'GROUP', 'HAVING', 'INNER', 'INTERSECT', 'JOIN', 'LEFT', 'LIMIT', 'MATCH_RECOGNIZE', 'NATURAL', 'OFFSET', 'ORDER', 'RIGHT', 'TABLESAMPLE', 'UNION', 'WHERE', 'WINDOW', <EOF>, <identifier>", query_id=20251106_120705_12756_zwvxu)
2025-11-06 17:37:05 | ERROR    | app.services.starburst:get_sample_data_with_catalog:534 - Failed to get sample data from here_explorer.explorer_datasets.address_range_changes_apac_231e0_with_231c0.100.undefined: TrinoUserError(type=USER_ERROR, name=SYNTAX_ERROR, message="line 3:97: mismatched input '.100'. Expecting: ',', '.', 'AS', 'CROSS', 'EXCEPT', 'FETCH', 'FOR', 'FULL', 'GROUP', 'HAVING', 'INNER', 'INTERSECT', 'JOIN', 'LEFT', 'LIMIT', 'MATCH_RECOGNIZE', 'NATURAL', 'OFFSET', 'ORDER', 'RIGHT', 'TABLESAMPLE', 'UNION', 'WHERE', 'WINDOW', <EOF>, <identifier>", query_id=20251106_120705_12756_zwvxu)
2025-11-06 17:37:05 | ERROR    | app.api.tables:get_table_data:189 - Error fetching table data for here_explorer.explorer_datasets.address_range_changes_apac_231e0_with_231c0.100.undefined: TrinoUserError(type=USER_ERROR, name=SYNTAX_ERROR, message="line 3:97: mismatched input '.100'. Expecting: ',', '.', 'AS', 'CROSS', 'EXCEPT', 'FETCH', 'FOR', 'FULL', 'GROUP', 'HAVING', 'INNER', 'INTERSECT', 'JOIN', 'LEFT', 'LIMIT', 'MATCH_RECOGNIZE', 'NATURAL', 'OFFSET', 'ORDER', 'RIGHT', 'TABLESAMPLE', 'UNION', 'WHERE', 'WINDOW', <EOF>, <identifier>", query_id=20251106_120705_12756_zwvxu)
2025-11-06 17:50:33 | ERROR    | app.services.starburst:execute_query_to_df:114 - Query execution to DataFrame failed: TrinoUserError(type=USER_ERROR, name=SYNTAX_ERROR, message="line 3:97: mismatched input '.100'. Expecting: ',', '.', 'AS', 'CROSS', 'EXCEPT', 'FETCH', 'FOR', 'FULL', 'GROUP', 'HAVING', 'INNER', 'INTERSECT', 'JOIN', 'LEFT', 'LIMIT', 'MATCH_RECOGNIZE', 'NATURAL', 'OFFSET', 'ORDER', 'RIGHT', 'TABLESAMPLE', 'UNION', 'WHERE', 'WINDOW', <EOF>, <identifier>", query_id=20251106_122032_14330_zwvxu)
2025-11-06 17:50:33 | ERROR    | app.services.starburst:get_sample_data_with_catalog:534 - Failed to get sample data from here_explorer.explorer_datasets.address_range_changes_apac_231e0_with_231c0.100.undefined: TrinoUserError(type=USER_ERROR, name=SYNTAX_ERROR, message="line 3:97: mismatched input '.100'. Expecting: ',', '.', 'AS', 'CROSS', 'EXCEPT', 'FETCH', 'FOR', 'FULL', 'GROUP', 'HAVING', 'INNER', 'INTERSECT', 'JOIN', 'LEFT', 'LIMIT', 'MATCH_RECOGNIZE', 'NATURAL', 'OFFSET', 'ORDER', 'RIGHT', 'TABLESAMPLE', 'UNION', 'WHERE', 'WINDOW', <EOF>, <identifier>", query_id=20251106_122032_14330_zwvxu)
2025-11-06 17:50:33 | ERROR    | app.api.tables:get_table_data:189 - Error fetching table data for here_explorer.explorer_datasets.address_range_changes_apac_231e0_with_231c0.100.undefined: TrinoUserError(type=USER_ERROR, name=SYNTAX_ERROR, message="line 3:97: mismatched input '.100'. Expecting: ',', '.', 'AS', 'CROSS', 'EXCEPT', 'FETCH', 'FOR', 'FULL', 'GROUP', 'HAVING', 'INNER', 'INTERSECT', 'JOIN', 'LEFT', 'LIMIT', 'MATCH_RECOGNIZE', 'NATURAL', 'OFFSET', 'ORDER', 'RIGHT', 'TABLESAMPLE', 'UNION', 'WHERE', 'WINDOW', <EOF>, <identifier>", query_id=20251106_122032_14330_zwvxu)
2025-11-06 17:50:34 | ERROR    | app.services.starburst:execute_query_to_df:114 - Query execution to DataFrame failed: TrinoUserError(type=USER_ERROR, name=SYNTAX_ERROR, message="line 3:97: mismatched input '.100'. Expecting: ',', '.', 'AS', 'CROSS', 'EXCEPT', 'FETCH', 'FOR', 'FULL', 'GROUP', 'HAVING', 'INNER', 'INTERSECT', 'JOIN', 'LEFT', 'LIMIT', 'MATCH_RECOGNIZE', 'NATURAL', 'OFFSET', 'ORDER', 'RIGHT', 'TABLESAMPLE', 'UNION', 'WHERE', 'WINDOW', <EOF>, <identifier>", query_id=20251106_122034_14334_zwvxu)
2025-11-06 17:50:35 | ERROR    | app.services.starburst:get_sample_data_with_catalog:534 - Failed to get sample data from here_explorer.explorer_datasets.address_range_changes_apac_231e0_with_231c0.100.undefined: TrinoUserError(type=USER_ERROR, name=SYNTAX_ERROR, message="line 3:97: mismatched input '.100'. Expecting: ',', '.', 'AS', 'CROSS', 'EXCEPT', 'FETCH', 'FOR', 'FULL', 'GROUP', 'HAVING', 'INNER', 'INTERSECT', 'JOIN', 'LEFT', 'LIMIT', 'MATCH_RECOGNIZE', 'NATURAL', 'OFFSET', 'ORDER', 'RIGHT', 'TABLESAMPLE', 'UNION', 'WHERE', 'WINDOW', <EOF>, <identifier>", query_id=20251106_122034_14334_zwvxu)
2025-11-06 17:50:35 | ERROR    | app.api.tables:get_table_data:189 - Error fetching table data for here_explorer.explorer_datasets.address_range_changes_apac_231e0_with_231c0.100.undefined: TrinoUserError(type=USER_ERROR, name=SYNTAX_ERROR, message="line 3:97: mismatched input '.100'. Expecting: ',', '.', 'AS', 'CROSS', 'EXCEPT', 'FETCH', 'FOR', 'FULL', 'GROUP', 'HAVING', 'INNER', 'INTERSECT', 'JOIN', 'LEFT', 'LIMIT', 'MATCH_RECOGNIZE', 'NATURAL', 'OFFSET', 'ORDER', 'RIGHT', 'TABLESAMPLE', 'UNION', 'WHERE', 'WINDOW', <EOF>, <identifier>", query_id=20251106_122034_14334_zwvxu)
2025-11-06 18:19:22 | ERROR    | app.services.starburst:execute_query_to_df:114 - Query execution to DataFrame failed: TrinoUserError(type=USER_ERROR, name=SYNTAX_ERROR, message="line 3:97: mismatched input '.100'. Expecting: ',', '.', 'AS', 'CROSS', 'EXCEPT', 'FETCH', 'FOR', 'FULL', 'GROUP', 'HAVING', 'INNER', 'INTERSECT', 'JOIN', 'LEFT', 'LIMIT', 'MATCH_RECOGNIZE', 'NATURAL', 'OFFSET', 'ORDER', 'RIGHT', 'TABLESAMPLE', 'UNION', 'WHERE', 'WINDOW', <EOF>, <identifier>", query_id=20251106_124922_17461_zwvxu)
2025-11-06 18:19:22 | ERROR    | app.services.starburst:get_sample_data_with_catalog:534 - Failed to get sample data from here_explorer.explorer_datasets.address_range_changes_apac_231e0_with_231c0.100.undefined: TrinoUserError(type=USER_ERROR, name=SYNTAX_ERROR, message="line 3:97: mismatched input '.100'. Expecting: ',', '.', 'AS', 'CROSS', 'EXCEPT', 'FETCH', 'FOR', 'FULL', 'GROUP', 'HAVING', 'INNER', 'INTERSECT', 'JOIN', 'LEFT', 'LIMIT', 'MATCH_RECOGNIZE', 'NATURAL', 'OFFSET', 'ORDER', 'RIGHT', 'TABLESAMPLE', 'UNION', 'WHERE', 'WINDOW', <EOF>, <identifier>", query_id=20251106_124922_17461_zwvxu)
2025-11-06 18:19:22 | ERROR    | app.api.tables:get_table_data:189 - Error fetching table data for here_explorer.explorer_datasets.address_range_changes_apac_231e0_with_231c0.100.undefined: TrinoUserError(type=USER_ERROR, name=SYNTAX_ERROR, message="line 3:97: mismatched input '.100'. Expecting: ',', '.', 'AS', 'CROSS', 'EXCEPT', 'FETCH', 'FOR', 'FULL', 'GROUP', 'HAVING', 'INNER', 'INTERSECT', 'JOIN', 'LEFT', 'LIMIT', 'MATCH_RECOGNIZE', 'NATURAL', 'OFFSET', 'ORDER', 'RIGHT', 'TABLESAMPLE', 'UNION', 'WHERE', 'WINDOW', <EOF>, <identifier>", query_id=20251106_124922_17461_zwvxu)
2025-11-06 18:19:25 | ERROR    | app.services.starburst:execute_query_to_df:114 - Query execution to DataFrame failed: TrinoUserError(type=USER_ERROR, name=SYNTAX_ERROR, message="line 3:97: mismatched input '.100'. Expecting: ',', '.', 'AS', 'CROSS', 'EXCEPT', 'FETCH', 'FOR', 'FULL', 'GROUP', 'HAVING', 'INNER', 'INTERSECT', 'JOIN', 'LEFT', 'LIMIT', 'MATCH_RECOGNIZE', 'NATURAL', 'OFFSET', 'ORDER', 'RIGHT', 'TABLESAMPLE', 'UNION', 'WHERE', 'WINDOW', <EOF>, <identifier>", query_id=20251106_124924_17463_zwvxu)
2025-11-06 18:19:25 | ERROR    | app.services.starburst:get_sample_data_with_catalog:534 - Failed to get sample data from here_explorer.explorer_datasets.address_range_changes_apac_231e0_with_231c0.100.undefined: TrinoUserError(type=USER_ERROR, name=SYNTAX_ERROR, message="line 3:97: mismatched input '.100'. Expecting: ',', '.', 'AS', 'CROSS', 'EXCEPT', 'FETCH', 'FOR', 'FULL', 'GROUP', 'HAVING', 'INNER', 'INTERSECT', 'JOIN', 'LEFT', 'LIMIT', 'MATCH_RECOGNIZE', 'NATURAL', 'OFFSET', 'ORDER', 'RIGHT', 'TABLESAMPLE', 'UNION', 'WHERE', 'WINDOW', <EOF>, <identifier>", query_id=20251106_124924_17463_zwvxu)
2025-11-06 18:19:25 | ERROR    | app.api.tables:get_table_data:189 - Error fetching table data for here_explorer.explorer_datasets.address_range_changes_apac_231e0_with_231c0.100.undefined: TrinoUserError(type=USER_ERROR, name=SYNTAX_ERROR, message="line 3:97: mismatched input '.100'. Expecting: ',', '.', 'AS', 'CROSS', 'EXCEPT', 'FETCH', 'FOR', 'FULL', 'GROUP', 'HAVING', 'INNER', 'INTERSECT', 'JOIN', 'LEFT', 'LIMIT', 'MATCH_RECOGNIZE', 'NATURAL', 'OFFSET', 'ORDER', 'RIGHT', 'TABLESAMPLE', 'UNION', 'WHERE', 'WINDOW', <EOF>, <identifier>", query_id=20251106_124924_17463_zwvxu)
2025-11-06 18:20:25 | ERROR    | app.services.starburst:execute_query_to_df:114 - Query execution to DataFrame failed: TrinoUserError(type=USER_ERROR, name=SYNTAX_ERROR, message="line 3:97: mismatched input '.100'. Expecting: ',', '.', 'AS', 'CROSS', 'EXCEPT', 'FETCH', 'FOR', 'FULL', 'GROUP', 'HAVING', 'INNER', 'INTERSECT', 'JOIN', 'LEFT', 'LIMIT', 'MATCH_RECOGNIZE', 'NATURAL', 'OFFSET', 'ORDER', 'RIGHT', 'TABLESAMPLE', 'UNION', 'WHERE', 'WINDOW', <EOF>, <identifier>", query_id=20251106_125024_17531_zwvxu)
2025-11-06 18:20:25 | ERROR    | app.services.starburst:get_sample_data_with_catalog:534 - Failed to get sample data from here_explorer.explorer_datasets.address_range_changes_apac_231e0_with_231c0.100.undefined: TrinoUserError(type=USER_ERROR, name=SYNTAX_ERROR, message="line 3:97: mismatched input '.100'. Expecting: ',', '.', 'AS', 'CROSS', 'EXCEPT', 'FETCH', 'FOR', 'FULL', 'GROUP', 'HAVING', 'INNER', 'INTERSECT', 'JOIN', 'LEFT', 'LIMIT', 'MATCH_RECOGNIZE', 'NATURAL', 'OFFSET', 'ORDER', 'RIGHT', 'TABLESAMPLE', 'UNION', 'WHERE', 'WINDOW', <EOF>, <identifier>", query_id=20251106_125024_17531_zwvxu)
2025-11-06 18:20:25 | ERROR    | app.api.tables:get_table_data:189 - Error fetching table data for here_explorer.explorer_datasets.address_range_changes_apac_231e0_with_231c0.100.undefined: TrinoUserError(type=USER_ERROR, name=SYNTAX_ERROR, message="line 3:97: mismatched input '.100'. Expecting: ',', '.', 'AS', 'CROSS', 'EXCEPT', 'FETCH', 'FOR', 'FULL', 'GROUP', 'HAVING', 'INNER', 'INTERSECT', 'JOIN', 'LEFT', 'LIMIT', 'MATCH_RECOGNIZE', 'NATURAL', 'OFFSET', 'ORDER', 'RIGHT', 'TABLESAMPLE', 'UNION', 'WHERE', 'WINDOW', <EOF>, <identifier>", query_id=20251106_125024_17531_zwvxu)
2025-11-06 18:20:26 | ERROR    | app.services.starburst:execute_query_to_df:114 - Query execution to DataFrame failed: TrinoUserError(type=USER_ERROR, name=SYNTAX_ERROR, message="line 3:97: mismatched input '.100'. Expecting: ',', '.', 'AS', 'CROSS', 'EXCEPT', 'FETCH', 'FOR', 'FULL', 'GROUP', 'HAVING', 'INNER', 'INTERSECT', 'JOIN', 'LEFT', 'LIMIT', 'MATCH_RECOGNIZE', 'NATURAL', 'OFFSET', 'ORDER', 'RIGHT', 'TABLESAMPLE', 'UNION', 'WHERE', 'WINDOW', <EOF>, <identifier>", query_id=20251106_125026_17535_zwvxu)
2025-11-06 18:20:27 | ERROR    | app.services.starburst:get_sample_data_with_catalog:534 - Failed to get sample data from here_explorer.explorer_datasets.address_range_changes_apac_231e0_with_231c0.100.undefined: TrinoUserError(type=USER_ERROR, name=SYNTAX_ERROR, message="line 3:97: mismatched input '.100'. Expecting: ',', '.', 'AS', 'CROSS', 'EXCEPT', 'FETCH', 'FOR', 'FULL', 'GROUP', 'HAVING', 'INNER', 'INTERSECT', 'JOIN', 'LEFT', 'LIMIT', 'MATCH_RECOGNIZE', 'NATURAL', 'OFFSET', 'ORDER', 'RIGHT', 'TABLESAMPLE', 'UNION', 'WHERE', 'WINDOW', <EOF>, <identifier>", query_id=20251106_125026_17535_zwvxu)
2025-11-06 18:20:27 | ERROR    | app.api.tables:get_table_data:189 - Error fetching table data for here_explorer.explorer_datasets.address_range_changes_apac_231e0_with_231c0.100.undefined: TrinoUserError(type=USER_ERROR, name=SYNTAX_ERROR, message="line 3:97: mismatched input '.100'. Expecting: ',', '.', 'AS', 'CROSS', 'EXCEPT', 'FETCH', 'FOR', 'FULL', 'GROUP', 'HAVING', 'INNER', 'INTERSECT', 'JOIN', 'LEFT', 'LIMIT', 'MATCH_RECOGNIZE', 'NATURAL', 'OFFSET', 'ORDER', 'RIGHT', 'TABLESAMPLE', 'UNION', 'WHERE', 'WINDOW', <EOF>, <identifier>", query_id=20251106_125026_17535_zwvxu)
2025-11-06 18:22:38 | ERROR    | app.services.starburst:execute_query_to_df:114 - Query execution to DataFrame failed: TrinoUserError(type=USER_ERROR, name=SYNTAX_ERROR, message="line 3:75: mismatched input '.100'. Expecting: ',', '.', 'AS', 'CROSS', 'EXCEPT', 'FETCH', 'FOR', 'FULL', 'GROUP', 'HAVING', 'INNER', 'INTERSECT', 'JOIN', 'LEFT', 'LIMIT', 'MATCH_RECOGNIZE', 'NATURAL', 'OFFSET', 'ORDER', 'RIGHT', 'TABLESAMPLE', 'UNION', 'WHERE', 'WINDOW', <EOF>, <identifier>", query_id=20251106_125237_18192_zwvxu)
2025-11-06 18:22:38 | ERROR    | app.services.starburst:get_sample_data_with_catalog:534 - Failed to get sample data from here_explorer.explorer_datasets.address_range_changes.100.undefined: TrinoUserError(type=USER_ERROR, name=SYNTAX_ERROR, message="line 3:75: mismatched input '.100'. Expecting: ',', '.', 'AS', 'CROSS', 'EXCEPT', 'FETCH', 'FOR', 'FULL', 'GROUP', 'HAVING', 'INNER', 'INTERSECT', 'JOIN', 'LEFT', 'LIMIT', 'MATCH_RECOGNIZE', 'NATURAL', 'OFFSET', 'ORDER', 'RIGHT', 'TABLESAMPLE', 'UNION', 'WHERE', 'WINDOW', <EOF>, <identifier>", query_id=20251106_125237_18192_zwvxu)
2025-11-06 18:22:38 | ERROR    | app.api.tables:get_table_data:189 - Error fetching table data for here_explorer.explorer_datasets.address_range_changes.100.undefined: TrinoUserError(type=USER_ERROR, name=SYNTAX_ERROR, message="line 3:75: mismatched input '.100'. Expecting: ',', '.', 'AS', 'CROSS', 'EXCEPT', 'FETCH', 'FOR', 'FULL', 'GROUP', 'HAVING', 'INNER', 'INTERSECT', 'JOIN', 'LEFT', 'LIMIT', 'MATCH_RECOGNIZE', 'NATURAL', 'OFFSET', 'ORDER', 'RIGHT', 'TABLESAMPLE', 'UNION', 'WHERE', 'WINDOW', <EOF>, <identifier>", query_id=20251106_125237_18192_zwvxu)
2025-11-06 18:23:05 | ERROR    | app.services.starburst:execute_query_to_df:114 - Query execution to DataFrame failed: TrinoUserError(type=USER_ERROR, name=SYNTAX_ERROR, message="line 3:97: mismatched input '.100'. Expecting: ',', '.', 'AS', 'CROSS', 'EXCEPT', 'FETCH', 'FOR', 'FULL', 'GROUP', 'HAVING', 'INNER', 'INTERSECT', 'JOIN', 'LEFT', 'LIMIT', 'MATCH_RECOGNIZE', 'NATURAL', 'OFFSET', 'ORDER', 'RIGHT', 'TABLESAMPLE', 'UNION', 'WHERE', 'WINDOW', <EOF>, <identifier>", query_id=20251106_125305_18196_zwvxu)
2025-11-06 18:23:06 | ERROR    | app.services.starburst:get_sample_data_with_catalog:534 - Failed to get sample data from here_explorer.explorer_datasets.address_range_changes_apac_231e0_with_231c0.100.undefined: TrinoUserError(type=USER_ERROR, name=SYNTAX_ERROR, message="line 3:97: mismatched input '.100'. Expecting: ',', '.', 'AS', 'CROSS', 'EXCEPT', 'FETCH', 'FOR', 'FULL', 'GROUP', 'HAVING', 'INNER', 'INTERSECT', 'JOIN', 'LEFT', 'LIMIT', 'MATCH_RECOGNIZE', 'NATURAL', 'OFFSET', 'ORDER', 'RIGHT', 'TABLESAMPLE', 'UNION', 'WHERE', 'WINDOW', <EOF>, <identifier>", query_id=20251106_125305_18196_zwvxu)
2025-11-06 18:23:06 | ERROR    | app.api.tables:get_table_data:189 - Error fetching table data for here_explorer.explorer_datasets.address_range_changes_apac_231e0_with_231c0.100.undefined: TrinoUserError(type=USER_ERROR, name=SYNTAX_ERROR, message="line 3:97: mismatched input '.100'. Expecting: ',', '.', 'AS', 'CROSS', 'EXCEPT', 'FETCH', 'FOR', 'FULL', 'GROUP', 'HAVING', 'INNER', 'INTERSECT', 'JOIN', 'LEFT', 'LIMIT', 'MATCH_RECOGNIZE', 'NATURAL', 'OFFSET', 'ORDER', 'RIGHT', 'TABLESAMPLE', 'UNION', 'WHERE', 'WINDOW', <EOF>, <identifier>", query_id=20251106_125305_18196_zwvxu)
2025-11-06 18:56:46 | ERROR    | app.api.metadata:get_metadata:84 - Error fetching metadata for here_explorer.explorer_datasets.address_range_changes.undefined.undefined: 202: Metadata not found for 'here_explorer.explorer_datasets.address_range_changes.undefined.undefined'. Generation started in background.
2025-11-06 18:56:55 | ERROR    | app.api.metadata:get_metadata:84 - Error fetching metadata for here_explorer.explorer_datasets.address_range_changes: 202: Metadata not found for 'here_explorer.explorer_datasets.address_range_changes'. Generation started in background.
2025-11-06 18:57:01 | ERROR    | app.api.metadata:get_metadata:84 - Error fetching metadata for here_explorer.explorer_datasets.address_range_changes: 202: Metadata not found for 'here_explorer.explorer_datasets.address_range_changes'. Generation started in background.
2025-11-07 12:25:24 | ERROR    | app.services.starburst:execute_query_to_df:114 - Query execution to DataFrame failed: TrinoUserError(type=USER_ERROR, name=SYNTAX_ERROR, message="line 3:97: mismatched input '.100'. Expecting: ',', '.', 'AS', 'CROSS', 'EXCEPT', 'FETCH', 'FOR', 'FULL', 'GROUP', 'HAVING', 'INNER', 'INTERSECT', 'JOIN', 'LEFT', 'LIMIT', 'MATCH_RECOGNIZE', 'NATURAL', 'OFFSET', 'ORDER', 'RIGHT', 'TABLESAMPLE', 'UNION', 'WHERE', 'WINDOW', <EOF>, <identifier>", query_id=20251107_065524_58874_zwvxu)
2025-11-07 12:25:25 | ERROR    | app.services.starburst:get_sample_data_with_catalog:534 - Failed to get sample data from here_explorer.explorer_datasets.address_range_changes_apac_231e0_with_231c0.100.undefined: TrinoUserError(type=USER_ERROR, name=SYNTAX_ERROR, message="line 3:97: mismatched input '.100'. Expecting: ',', '.', 'AS', 'CROSS', 'EXCEPT', 'FETCH', 'FOR', 'FULL', 'GROUP', 'HAVING', 'INNER', 'INTERSECT', 'JOIN', 'LEFT', 'LIMIT', 'MATCH_RECOGNIZE', 'NATURAL', 'OFFSET', 'ORDER', 'RIGHT', 'TABLESAMPLE', 'UNION', 'WHERE', 'WINDOW', <EOF>, <identifier>", query_id=20251107_065524_58874_zwvxu)
2025-11-07 12:25:25 | ERROR    | app.api.tables:get_table_data:188 - Error fetching table data for here_explorer.explorer_datasets.address_range_changes_apac_231e0_with_231c0.100.undefined: TrinoUserError(type=USER_ERROR, name=SYNTAX_ERROR, message="line 3:97: mismatched input '.100'. Expecting: ',', '.', 'AS', 'CROSS', 'EXCEPT', 'FETCH', 'FOR', 'FULL', 'GROUP', 'HAVING', 'INNER', 'INTERSECT', 'JOIN', 'LEFT', 'LIMIT', 'MATCH_RECOGNIZE', 'NATURAL', 'OFFSET', 'ORDER', 'RIGHT', 'TABLESAMPLE', 'UNION', 'WHERE', 'WINDOW', <EOF>, <identifier>", query_id=20251107_065524_58874_zwvxu)
2025-11-07 12:25:29 | ERROR    | app.services.starburst:execute_query_to_df:114 - Query execution to DataFrame failed: TrinoUserError(type=USER_ERROR, name=SYNTAX_ERROR, message="line 3:97: mismatched input '.100'. Expecting: ',', '.', 'AS', 'CROSS', 'EXCEPT', 'FETCH', 'FOR', 'FULL', 'GROUP', 'HAVING', 'INNER', 'INTERSECT', 'JOIN', 'LEFT', 'LIMIT', 'MATCH_RECOGNIZE', 'NATURAL', 'OFFSET', 'ORDER', 'RIGHT', 'TABLESAMPLE', 'UNION', 'WHERE', 'WINDOW', <EOF>, <identifier>", query_id=20251107_065528_58916_zwvxu)
2025-11-07 12:25:29 | ERROR    | app.services.starburst:get_sample_data_with_catalog:534 - Failed to get sample data from here_explorer.explorer_datasets.address_range_changes_apac_231e0_with_231c0.100.undefined: TrinoUserError(type=USER_ERROR, name=SYNTAX_ERROR, message="line 3:97: mismatched input '.100'. Expecting: ',', '.', 'AS', 'CROSS', 'EXCEPT', 'FETCH', 'FOR', 'FULL', 'GROUP', 'HAVING', 'INNER', 'INTERSECT', 'JOIN', 'LEFT', 'LIMIT', 'MATCH_RECOGNIZE', 'NATURAL', 'OFFSET', 'ORDER', 'RIGHT', 'TABLESAMPLE', 'UNION', 'WHERE', 'WINDOW', <EOF>, <identifier>", query_id=20251107_065528_58916_zwvxu)
2025-11-07 12:25:29 | ERROR    | app.api.tables:get_table_data:188 - Error fetching table data for here_explorer.explorer_datasets.address_range_changes_apac_231e0_with_231c0.100.undefined: TrinoUserError(type=USER_ERROR, name=SYNTAX_ERROR, message="line 3:97: mismatched input '.100'. Expecting: ',', '.', 'AS', 'CROSS', 'EXCEPT', 'FETCH', 'FOR', 'FULL', 'GROUP', 'HAVING', 'INNER', 'INTERSECT', 'JOIN', 'LEFT', 'LIMIT', 'MATCH_RECOGNIZE', 'NATURAL', 'OFFSET', 'ORDER', 'RIGHT', 'TABLESAMPLE', 'UNION', 'WHERE', 'WINDOW', <EOF>, <identifier>", query_id=20251107_065528_58916_zwvxu)
2025-11-11 17:31:57 | ERROR    | app.services.starburst:execute_query_to_df:114 - Query execution to DataFrame failed: TrinoUserError(type=USER_ERROR, name=PERMISSION_DENIED, message="Access Denied: Cannot access catalog explorer_datasets", query_id=20251111_120156_64103_zwvxu)
2025-11-11 17:31:57 | ERROR    | app.services.starburst:get_schemas_in_catalog:399 - Failed to get schemas from explorer_datasets: TrinoUserError(type=USER_ERROR, name=PERMISSION_DENIED, message="Access Denied: Cannot access catalog explorer_datasets", query_id=20251111_120156_64103_zwvxu)
2025-11-11 17:33:39 | ERROR    | app.services.starburst:execute_query_to_df:114 - Query execution to DataFrame failed: TrinoUserError(type=USER_ERROR, name=PERMISSION_DENIED, message="Access Denied: Cannot access catalog explorer_datasets", query_id=20251111_120338_64169_zwvxu)
2025-11-11 17:33:39 | ERROR    | app.services.starburst:get_schemas_in_catalog:399 - Failed to get schemas from explorer_datasets: TrinoUserError(type=USER_ERROR, name=PERMISSION_DENIED, message="Access Denied: Cannot access catalog explorer_datasets", query_id=20251111_120338_64169_zwvxu)
2025-11-13 15:47:02 | ERROR    | app.services.starburst:execute_query:97 - Query execution failed: TrinoUserError(type=USER_ERROR, name=TYPE_MISMATCH, message="line 2:1702: Cannot cast array(double) to double", query_id=20251113_101701_55224_zwvxu)
2025-11-13 15:47:02 | ERROR    | app.services.starburst:get_column_statistics_with_catalog:818 - Failed to get column statistics for fastmap_lakehouse.fastmap_prod2_v2_13_base.history_admin: TrinoUserError(type=USER_ERROR, name=TYPE_MISMATCH, message="line 2:1702: Cannot cast array(double) to double", query_id=20251113_101701_55224_zwvxu)
2025-11-13 15:47:02 | ERROR    | app.services.metadata_generator:generate_metadata_for_table:205 - ❌ Failed to generate metadata for fastmap_lakehouse.fastmap_prod2_v2_13_base.history_admin: TrinoUserError(type=USER_ERROR, name=TYPE_MISMATCH, message="line 2:1702: Cannot cast array(double) to double", query_id=20251113_101701_55224_zwvxu)
2025-11-13 15:47:02 | ERROR    | app.api.admin:run_metadata_generation:243 - [Task accfcf95-85be-4cf2-9a64-25e6e8f26978] Failed
2025-11-13 16:00:44 | ERROR    | app.api.tables:get_table_data:218 - Error fetching table data for fastmap_lakehouse.fastmap_prod2_v2_13_base.history_admin: 'NoneType' object has no attribute 'columns'
2025-11-13 16:00:47 | ERROR    | app.api.tables:get_table_data:218 - Error fetching table data for fastmap_lakehouse.fastmap_prod2_v2_13_base.history_admin: 'NoneType' object has no attribute 'columns'
2025-11-13 16:03:09 | ERROR    | app.services.metadata_generator:generate_metadata_for_table:205 - ❌ Failed to generate metadata for fastmap_lakehouse.fastmap_prod2_v2_13_base.history_admin: object of type 'NoneType' has no len()
2025-11-13 16:03:09 | ERROR    | app.api.admin:run_metadata_generation:243 - [Task 6091487d-1018-4f46-9cf9-1df517283b9c] Failed
2025-11-13 16:08:32 | ERROR    | app.api.tables:get_table_data:218 - Error fetching table data for fastmap_lakehouse.fastmap_prod2_v2_13_base.history_admin: 'NoneType' object has no attribute 'columns'
2025-11-13 16:08:46 | ERROR    | app.api.tables:get_table_data:218 - Error fetching table data for fastmap_lakehouse.fastmap_prod2_v2_13_base.history_admin: 'NoneType' object has no attribute 'columns'
2025-11-13 16:10:30 | ERROR    | app.api.tables:get_table_data:218 - Error fetching table data for fastmap_lakehouse.fastmap_prod2_v2_13_base.history_admin: 'NoneType' object has no attribute 'columns'
2025-11-13 19:05:44 | ERROR    | app.services.dynamodb:get_all_tables:210 - Failed to get all tables: An error occurred (UnrecognizedClientException) when calling the Scan operation: The security token included in the request is invalid.
2025-11-13 19:05:51 | ERROR    | app.services.dynamodb:get_all_tables:210 - Failed to get all tables: An error occurred (UnrecognizedClientException) when calling the Scan operation: The security token included in the request is invalid.
2025-11-13 19:12:46 | ERROR    | app.services.starburst:execute_query:97 - Query execution failed: TrinoQueryError(type=INSUFFICIENT_RESOURCES, name=EXCEEDED_LOCAL_MEMORY_LIMIT, message="Query exceeded per-node memory limit of 35.83GB [Allocated: 35.57GB, Delta: 312.62MB, Top Consumers: {HashAggregationOperator=35.39GB, ScanFilterAndProjectOperator=155.43MB, PagePartitioner=17.47MB}]", query_id=20251113_134116_70431_zwvxu)
2025-11-13 19:12:46 | ERROR    | app.services.starburst:get_column_statistics_with_catalog:877 - Failed to get column statistics for here_explorer.explorer_datasets.navigable_road_attributes_apac_231c0: TrinoQueryError(type=INSUFFICIENT_RESOURCES, name=EXCEEDED_LOCAL_MEMORY_LIMIT, message="Query exceeded per-node memory limit of 35.83GB [Allocated: 35.57GB, Delta: 312.62MB, Top Consumers: {HashAggregationOperator=35.39GB, ScanFilterAndProjectOperator=155.43MB, PagePartitioner=17.47MB}]", query_id=20251113_134116_70431_zwvxu)
2025-11-13 19:12:46 | ERROR    | app.api.admin:run_metadata_generation:284 - [Task 5e845037-fe76-4ea2-91d2-d0dc782c7b24] Error: 'HashAggregationOperator=35'
2025-11-14 12:50:18 | ERROR    | app.services.auth_service:authenticate_user:65 - Authentication request failed for user ssingh11: HTTPSConnectionPool(host='visualization-api.analytics.in.here.com', port=443): Read timed out. (read timeout=10)
2025-11-14 12:50:42 | ERROR    | app.services.auth_service:authenticate_user:65 - Authentication request failed for user ssingh11: HTTPSConnectionPool(host='visualization-api.analytics.in.here.com', port=443): Read timed out. (read timeout=10)
2025-11-14 13:11:09 | ERROR    | app.services.starburst:execute_query:97 - Query execution failed: TrinoQueryError(type=INSUFFICIENT_RESOURCES, name=EXCEEDED_LOCAL_MEMORY_LIMIT, message="Query exceeded per-node memory limit of 35.83GB [Allocated: 35.83GB, Delta: 502.60kB, Top Consumers: {HashAggregationOperator=34.23GB, ScanFilterAndProjectOperator=1.45GB, PagePartitioner=142.10MB}]", query_id=20251114_074045_43309_zwvxu)
2025-11-14 13:11:09 | ERROR    | app.services.starburst:_get_batch_statistics:904 - Failed to get batch statistics: TrinoQueryError(type=INSUFFICIENT_RESOURCES, name=EXCEEDED_LOCAL_MEMORY_LIMIT, message="Query exceeded per-node memory limit of 35.83GB [Allocated: 35.83GB, Delta: 502.60kB, Top Consumers: {HashAggregationOperator=34.23GB, ScanFilterAndProjectOperator=1.45GB, PagePartitioner=142.10MB}]", query_id=20251114_074045_43309_zwvxu)
2025-11-14 13:11:09 | ERROR    | app.services.starburst:get_column_statistics_with_catalog:789 - Failed to get column statistics for here_explorer.explorer_datasets.navigable_road_address_2022: TrinoQueryError(type=INSUFFICIENT_RESOURCES, name=EXCEEDED_LOCAL_MEMORY_LIMIT, message="Query exceeded per-node memory limit of 35.83GB [Allocated: 35.83GB, Delta: 502.60kB, Top Consumers: {HashAggregationOperator=34.23GB, ScanFilterAndProjectOperator=1.45GB, PagePartitioner=142.10MB}]", query_id=20251114_074045_43309_zwvxu)
2025-11-14 13:11:09 | ERROR    | app.api.admin:run_metadata_generation:284 - [Task c92a03f0-c847-4d7a-8d5e-38a51f7956fb] Error: 'HashAggregationOperator=34'
2025-11-18 16:18:06 | ERROR    | app.services.relationship_tasks:start_relationship_detection_task:171 - Failed to start relationship detection task: no running event loop
2025-11-18 17:39:50 | ERROR    | app.services.relationship_tasks:detect_and_store_relationships:127 - ❌ Failed to detect relationships for here_explorer#explorer_datasets#navigable_road_address_2024: DynamoDBService.get_column_metadata() missing 1 required positional argument: 'column_name'
2025-11-18 17:47:31 | ERROR    | app.services.dynamodb_relationships:get_relationships_by_source_table:235 - Failed to get relationships by source table: An error occurred (ResourceNotFoundException) when calling the Query operation: Requested resource not found
2025-11-18 17:47:31 | ERROR    | app.services.dynamodb_relationships:get_relationships_by_target_table:263 - Failed to get relationships by target table: An error occurred (ResourceNotFoundException) when calling the Query operation: Requested resource not found
2025-11-18 17:47:32 | ERROR    | app.services.dynamodb_relationships:get_relationships_by_source_table:235 - Failed to get relationships by source table: An error occurred (ResourceNotFoundException) when calling the Query operation: Requested resource not found
2025-11-18 17:47:32 | ERROR    | app.services.dynamodb_relationships:get_relationships_by_target_table:263 - Failed to get relationships by target table: An error occurred (ResourceNotFoundException) when calling the Query operation: Requested resource not found
2025-11-18 18:02:46 | ERROR    | app.services.relationship_tasks:detect_and_store_relationships:133 - ❌ Failed to detect relationships for here_explorer#explorer_datasets#carto_active_2022: 'DynamoDBService' object has no attribute 'get_all_table_identifiers'
2025-11-18 18:14:48 | ERROR    | app.services.relationship_tasks:detect_and_store_relationships:133 - ❌ Failed to detect relationships for here_explorer#explorer_datasets#carto_active_2024: list index out of range
2025-11-18 18:24:51 | ERROR    | app.services.relationship_tasks:detect_and_store_relationships:287 - Failed during relationship detection: 'ColumnMetadata' object has no attribute 'get'
2025-11-18 18:30:33 | ERROR    | app.services.relationship_detector:_find_relationships_for_batch:198 -       Failed to detect relationships: Error code: 400 - {'error': {'message': "Unsupported value: 'temperature' does not support 0.1 with this model. Only the default (1) value is supported.", 'type': 'invalid_request_error', 'param': 'temperature', 'code': 'unsupported_value'}}
2025-11-18 18:30:33 | ERROR    | app.services.relationship_detector:_find_relationships_for_batch:198 -       Failed to detect relationships: Error code: 400 - {'error': {'message': "Unsupported value: 'temperature' does not support 0.1 with this model. Only the default (1) value is supported.", 'type': 'invalid_request_error', 'param': 'temperature', 'code': 'unsupported_value'}}
2025-11-18 18:30:34 | ERROR    | app.services.relationship_detector:_find_relationships_for_batch:198 -       Failed to detect relationships: Error code: 400 - {'error': {'message': "Unsupported value: 'temperature' does not support 0.1 with this model. Only the default (1) value is supported.", 'type': 'invalid_request_error', 'param': 'temperature', 'code': 'unsupported_value'}}
2025-11-18 18:30:34 | ERROR    | app.services.relationship_detector:_find_relationships_for_batch:198 -       Failed to detect relationships: Error code: 400 - {'error': {'message': "Unsupported value: 'temperature' does not support 0.1 with this model. Only the default (1) value is supported.", 'type': 'invalid_request_error', 'param': 'temperature', 'code': 'unsupported_value'}}
2025-11-18 18:30:34 | ERROR    | app.services.relationship_detector:_find_relationships_for_batch:198 -       Failed to detect relationships: Error code: 400 - {'error': {'message': "Unsupported value: 'temperature' does not support 0.1 with this model. Only the default (1) value is supported.", 'type': 'invalid_request_error', 'param': 'temperature', 'code': 'unsupported_value'}}
2025-11-18 18:30:35 | ERROR    | app.services.relationship_detector:_find_relationships_for_batch:198 -       Failed to detect relationships: Error code: 400 - {'error': {'message': "Unsupported value: 'temperature' does not support 0.1 with this model. Only the default (1) value is supported.", 'type': 'invalid_request_error', 'param': 'temperature', 'code': 'unsupported_value'}}
2025-11-18 18:30:35 | ERROR    | app.services.relationship_detector:_find_relationships_for_batch:198 -       Failed to detect relationships: Error code: 400 - {'error': {'message': "Unsupported value: 'temperature' does not support 0.1 with this model. Only the default (1) value is supported.", 'type': 'invalid_request_error', 'param': 'temperature', 'code': 'unsupported_value'}}
2025-11-18 18:30:35 | ERROR    | app.services.relationship_detector:_find_relationships_for_batch:198 -       Failed to detect relationships: Error code: 400 - {'error': {'message': "Unsupported value: 'temperature' does not support 0.1 with this model. Only the default (1) value is supported.", 'type': 'invalid_request_error', 'param': 'temperature', 'code': 'unsupported_value'}}
2025-11-18 18:30:35 | ERROR    | app.services.relationship_detector:_find_relationships_for_batch:198 -       Failed to detect relationships: Error code: 400 - {'error': {'message': "Unsupported value: 'temperature' does not support 0.1 with this model. Only the default (1) value is supported.", 'type': 'invalid_request_error', 'param': 'temperature', 'code': 'unsupported_value'}}
2025-11-18 18:30:36 | ERROR    | app.services.relationship_detector:_find_relationships_for_batch:198 -       Failed to detect relationships: Error code: 400 - {'error': {'message': "Unsupported value: 'temperature' does not support 0.1 with this model. Only the default (1) value is supported.", 'type': 'invalid_request_error', 'param': 'temperature', 'code': 'unsupported_value'}}
2025-11-18 18:30:36 | ERROR    | app.services.relationship_detector:_find_relationships_for_batch:198 -       Failed to detect relationships: Error code: 400 - {'error': {'message': "Unsupported value: 'temperature' does not support 0.1 with this model. Only the default (1) value is supported.", 'type': 'invalid_request_error', 'param': 'temperature', 'code': 'unsupported_value'}}
2025-11-18 18:31:48 | ERROR    | app.services.relationship_detector:_find_relationships_for_batch:198 -       Failed to detect relationships: Error code: 400 - {'error': {'message': "Unsupported value: 'temperature' does not support 0.1 with this model. Only the default (1) value is supported.", 'type': 'invalid_request_error', 'param': 'temperature', 'code': 'unsupported_value'}}
2025-11-18 18:31:49 | ERROR    | app.services.relationship_detector:_find_relationships_for_batch:198 -       Failed to detect relationships: Error code: 400 - {'error': {'message': "Unsupported value: 'temperature' does not support 0.1 with this model. Only the default (1) value is supported.", 'type': 'invalid_request_error', 'param': 'temperature', 'code': 'unsupported_value'}}
2025-11-18 18:31:49 | ERROR    | app.services.relationship_detector:_find_relationships_for_batch:198 -       Failed to detect relationships: Error code: 400 - {'error': {'message': "Unsupported value: 'temperature' does not support 0.1 with this model. Only the default (1) value is supported.", 'type': 'invalid_request_error', 'param': 'temperature', 'code': 'unsupported_value'}}
2025-11-18 18:31:49 | ERROR    | app.services.relationship_detector:_find_relationships_for_batch:198 -       Failed to detect relationships: Error code: 400 - {'error': {'message': "Unsupported value: 'temperature' does not support 0.1 with this model. Only the default (1) value is supported.", 'type': 'invalid_request_error', 'param': 'temperature', 'code': 'unsupported_value'}}
2025-11-18 18:31:50 | ERROR    | app.services.relationship_detector:_find_relationships_for_batch:198 -       Failed to detect relationships: Error code: 400 - {'error': {'message': "Unsupported value: 'temperature' does not support 0.1 with this model. Only the default (1) value is supported.", 'type': 'invalid_request_error', 'param': 'temperature', 'code': 'unsupported_value'}}
2025-11-18 18:31:50 | ERROR    | app.services.relationship_detector:_find_relationships_for_batch:198 -       Failed to detect relationships: Error code: 400 - {'error': {'message': "Unsupported value: 'temperature' does not support 0.1 with this model. Only the default (1) value is supported.", 'type': 'invalid_request_error', 'param': 'temperature', 'code': 'unsupported_value'}}
2025-11-18 18:31:50 | ERROR    | app.services.relationship_detector:_find_relationships_for_batch:198 -       Failed to detect relationships: Error code: 400 - {'error': {'message': "Unsupported value: 'temperature' does not support 0.1 with this model. Only the default (1) value is supported.", 'type': 'invalid_request_error', 'param': 'temperature', 'code': 'unsupported_value'}}
2025-11-18 18:31:51 | ERROR    | app.services.relationship_detector:_find_relationships_for_batch:198 -       Failed to detect relationships: Error code: 400 - {'error': {'message': "Unsupported value: 'temperature' does not support 0.1 with this model. Only the default (1) value is supported.", 'type': 'invalid_request_error', 'param': 'temperature', 'code': 'unsupported_value'}}
2025-11-18 18:31:51 | ERROR    | app.services.relationship_detector:_find_relationships_for_batch:198 -       Failed to detect relationships: Error code: 400 - {'error': {'message': "Unsupported value: 'temperature' does not support 0.1 with this model. Only the default (1) value is supported.", 'type': 'invalid_request_error', 'param': 'temperature', 'code': 'unsupported_value'}}
2025-11-18 18:31:51 | ERROR    | app.services.relationship_detector:_find_relationships_for_batch:198 -       Failed to detect relationships: Error code: 400 - {'error': {'message': "Unsupported value: 'temperature' does not support 0.1 with this model. Only the default (1) value is supported.", 'type': 'invalid_request_error', 'param': 'temperature', 'code': 'unsupported_value'}}
2025-11-18 18:31:51 | ERROR    | app.services.relationship_detector:_find_relationships_for_batch:198 -       Failed to detect relationships: Error code: 400 - {'error': {'message': "Unsupported value: 'temperature' does not support 0.1 with this model. Only the default (1) value is supported.", 'type': 'invalid_request_error', 'param': 'temperature', 'code': 'unsupported_value'}}
2025-11-18 18:42:41 | ERROR    | app.services.dynamodb_relationships:store_relationships_batch:207 - Failed to store relationships batch: Float types are not supported. Use Decimal types instead.
2025-11-18 18:42:41 | ERROR    | app.services.relationship_tasks:detect_and_store_relationships:394 - Failed to store relationships: Float types are not supported. Use Decimal types instead.
